

<!DOCTYPE html>
<html>
<head>
<meta charset="UTF-8">
<meta name="viewport" content="width=device-width, initial-scale=1, shrink-to-fit=no">
<title>Extent Report</title>
<link rel="apple-touch-icon" href="https://cdn.jsdelivr.net/gh/extent-framework/extent-github-cdn@b00a2d0486596e73dd7326beacf352c639623a0e/commons/img/logo.png">
<link rel="shortcut icon" href="https://cdn.jsdelivr.net/gh/extent-framework/extent-github-cdn@b00a2d0486596e73dd7326beacf352c639623a0e/commons/img/logo.png">
<link href="https://cdn.jsdelivr.net/gh/extent-framework/extent-github-cdn@d6562a79075e061305ccfdb82f01e5e195e2d307/spark/css/spark-style.css" rel="stylesheet" />
<link href="https://stackpath.bootstrapcdn.com/font-awesome/4.7.0/css/font-awesome.min.css" rel="stylesheet">
<script src="https://cdn.jsdelivr.net/gh/extent-framework/extent-github-cdn@7cc78ce/spark/js/jsontree.js"></script>
<style type="text/css"></style></head><body class="spa bdd-report dark">
  <div class="app">
    <div class="layout">
<div class="header navbar">
<div class="vheader">
<div class="nav-logo">
<a href="#">
<div class="logo" style="background-image: url('https://cdn.jsdelivr.net/gh/extent-framework/extent-github-cdn@b00a2d0486596e73dd7326beacf352c639623a0e/commons/img/logo.png')"></div>
</a>
</div>
<ul class="nav-left">
<li class="search-box">
<a class="search-toggle" href="#">
<i class="search-icon fa fa-search"></i>
<i class="search-icon-close fa fa-close"></i>
</a>
</li>
<li class="search-input"><input id="search-tests" class="form-control" type="text" placeholder="Search..."></li>
</ul>
<ul class="nav-right">
<li class="m-r-10">
<a href="#"><span class="badge badge-primary">AutomationExercise Report</span></a>
</li>
<li class="m-r-10">
<a href="#"><span class="badge badge-primary">Jan 2, 2024 05:49:22 pm</span></a>
</li>
</ul>
</div>
</div><div class="side-nav">
<div class="side-nav-inner">
<ul class="side-nav-menu">
<li class="nav-item dropdown" onclick="toggleView('dashboard-view')">
<a id="nav-dashboard" class="dropdown-toggle" href="#">
<span class="ico"><i class="fa fa-bar-chart"></i></span>
</a>
</li>
<li class="nav-item dropdown" onclick="toggleView('test-view')">
<a id="nav-test" class="dropdown-toggle" href="#">
<span class="ico"><i class="fa fa-list"></i></span>
</a>
</li>
<li class="nav-item dropdown" onclick="toggleView('category-view')">
<a id="nav-category" class="dropdown-toggle" href="#">
<span class="ico"><i class="fa fa-tag"></i></span>
</a>
</li>
<li class="nav-item dropdown" onclick="toggleView('exception-view')">
<a id="nav-exception" class="dropdown-toggle" href="#">
<span class="ico"><i class="fa fa-bug"></i></span>
</a>
</li>
</ul>
</div>
</div>      <div class="vcontainer">
        <div class="main-content">
<div class="container-fluid p-4 view dashboard-view">
<div class="row">
<div class="col-md-3">
<div class="card"><div class="card-body">
<p class="m-b-0">Started</p>
<h3>Jan 2, 2024 05:49:22 pm</h3>
</div></div>
</div>
<div class="col-md-3">
<div class="card"><div class="card-body">
<p class="m-b-0">Ended</p>
<h3>Jan 2, 2024 06:01:45 pm</h3>
</div></div>
</div>
<div class="col-md-3">
<div class="card"><div class="card-body">
<p class="m-b-0 text-pass">Features Passed</p>
<h3>0</h3>
</div></div>
</div>
<div class="col-md-3">
<div class="card"><div class="card-body">
<p class="m-b-0 text-fail">Features Failed</p>
<h3>2</h3>
</div></div>
</div>
</div>
<div class="row">
<div class="col-md-4">
<div class="card">
<div class="card-header">
<h6 class="card-title">Features</h6>
</div>
<div class="card-body">
<div class="">
<canvas id='parent-analysis' width='115' height='90'></canvas>
</div>
</div>
<div class="card-footer">
<div><small data-tooltip='0%'>
<b>0</b> features passed
</small>
</div>
<div>
<small data-tooltip='100%'><b>2</b> features failed,
<b>0</b> skipped, <b data-tooltip='0%'>0</b> others
</small>
</div>
</div>
</div>
</div>
<div class="col-md-4">
<div class="card">
<div class="card-header">
<h6 class="card-title">Scenarios</h6>
</div>
<div class="card-body">
<div class="">
<canvas id='child-analysis' width='115' height='90'></canvas>
</div>
</div>
<div class="card-footer">
<div><small data-tooltip='53%'><b>15</b> scenarios passed</small></div>
<div>
<small data-tooltip='46%'><b>13</b> scenarios failed,
<b>0</b> skipped, <b data-tooltip='%'>0</b> others
</small>
</div>
</div>
</div>
</div>
<div class="col-md-4">
<div class="card">
<div class="card-header">
<h6 class="card-title">Steps</h6>
</div>
<div class="card-body">
<div class="">
<canvas id='grandchild-analysis' width='115' height='90'></canvas>
</div>
</div>
<div class="card-footer">
<div><small data-tooltip='74%'><b>234</b> steps passed</small></div>
<div>
<small data-tooltip='4%'><b>13</b> steps failed,
<b>69</b> skipped, <b data-tooltip='%'>0</b> others
</small>
</div>
</div>
</div>
</div>
</div>
<div class="row"><div class="col-md-12">
<div class="card"><div class="card-header"><p>Timeline</p></div>
<div class="card-body pt-0"><div>
<canvas id="timeline" height="120"></canvas>
</div></div>
</div>
</div></div>
<script>
var timeline = {
"User Functionality,":535.212,"Register user and Login functionality":204.087
};
</script>
<div class="row">
<div class="col-lg-6 col-md-12 category-container">
<div class="card">
<div class="card-header"><p>Tags</p></div>
<div class="card-body pb-0 pt-0"><table class="table table-sm table-bordered">
<thead><tr class="bg-gray"><th>Name</th><th>Passed</th><th>Failed</th><th>Skipped</th><th>Others</th><th>Passed %</th></tr></thead><tbody>
<tr>
<td>@regression</td>
<td>15</td>
<td>13</td>
<td>0</td>
<td>0</td>
<td>53.571%</td>
</tr>
<tr>
<td>@author_VP</td>
<td>15</td>
<td>13</td>
<td>0</td>
<td>0</td>
<td>53.571%</td>
</tr>
</tbody>
</table></div>
</div>
</div>
<div class="col-lg-6 col-md-12 sysenv-container">
<div class="card">
<div class="card-header"><p>System/Environment</p></div>
<div class="card-body pb-0 pt-0"><table class="table table-sm table-bordered">
<thead><tr class="bg-gray"><th>Name</th><th>Value</th></tr></thead>
<tbody>
<tr>
<td>Engineer</td>
<td>V Patel</td>
</tr>
<tr>
<td>Project</td>
<td>AutomationExercise</td>
</tr>
<tr>
<td>os</td>
<td>Windows</td>
</tr>
</tbody>
</table></div>
</div>
</div>
</div>
</div>
<script>
var statusGroup = {
parentCount: 5,
passParent: 0,
failParent: 2,
warningParent: 0,
skipParent: 0,
childCount: 5,
passChild: 15,
failChild: 13,
warningChild: 0,
skipChild: 0,
infoChild: 0,
grandChildCount: 5,
passGrandChild: 234,
failGrandChild: 13,
warningGrandChild: 0,
skipGrandChild: 69,
infoGrandChild: 0,
eventsCount: 5,
};
</script><div class="test-wrapper row view test-view">
  <div class="test-list">
    <div class="test-list-tools">
<ul class="tools pull-left">
<li><a href="#"><span class="font-size-14">Tests</span></a></li>
</ul>
<ul class="tools text-right">
<li class="dropdown">
<a href="#" class="dropdown-toggle" data-toggle="dropdown"><i class="fa fa-exclamation-circle"></i></a>
<ul id="status-toggle" class="dropdown-menu dropdown-md p-v-0">
<a class="dropdown-item" status="fail" href="#"><span>Fail</span><span class="status danger"></span></a>
<div class="dropdown-divider"></div>
<a status="clear" class="dropdown-item" href="#"><span>Clear</span><span class="pull-right"><i class="fa fa-close"></i></span></a>
</ul>
</li>
<li class="dropdown">
<a href="#" class="dropdown-toggle" data-toggle="dropdown"><i class="fa fa-tag"></i></a>
<ul id="tag-toggle" class="dropdown-menu dropdown-md p-v-0">
<a class="dropdown-item" href="#">@regression</a><a class="dropdown-item" href="#">@author_VP</a>
</ul>
</li>
</ul>
</div>    <div class="test-list-wrapper scrollable">
      <ul class="test-list-item">
        <li class="test-item"  status="fail" test-id="1"
          author=""
          tag=""
          device="">
          <div class="test-detail">
            <p class="name">User Functionality,</p>
            <p class="text-sm">
              <span>17:49:26</span> / <span>00:08:55:212</span>
              <span class="badge fail-bg log float-right">Fail</span>
            </p>
          </div>
          <div class="test-contents d-none">
<div class="detail-head">
<div class="p-v-10">
<div class="info">
<h5 class="test-status text-fail">User Functionality,</h5>
<span class='badge badge-success'>01.02.2024 17:49:26</span>
<span class='badge badge-danger'>01.02.2024 17:58:21</span>
<span class='badge badge-default'>00:08:55:212</span>
&middot; <span class='uri-anchor badge badge-default'>#test-id=1</span>
<span class='badge badge-default pointer float-right ml-1 et'><i class="fa fa-chevron-down"></i></span>
<span class='badge badge-default pointer float-right ct'><i class="fa fa-chevron-up"></i></span>
</div>
<div class="m-t-10 m-l-5"> I should register successfully
I should see error message while register with existing email</div>
</div>
</div>
<div class="accordion mt-4">
  <div class="card">
    <div class="card-header" role="tab">
      <div class="card-title">
        <div class="node" id="2"><span class="badge log fail-bg mr-2">Fail</span>8) verify user can be register</div>
          <div class="status-avatar float-right mr-4">
            <i class="fa fa-paperclip"></i>
          </div>
      </div>
    </div>
        <div class="">
          <div class="card-body">
              <div class="step pass-bg" title="com.automationexercise.steps.RegisterUserSteps.iOpenTheURL()">
                <span>And I open the URL</span>
      <div>
      </div>
              </div>
              <div class="step pass-bg" title="com.automationexercise.steps.RegisterUserSteps.iVerifyThatHomePageVisibleSuccessfully()">
                <span>And I verify that home page visible successfully</span>
      <div>
      </div>
              </div>
              <div class="step pass-bg" title="com.automationexercise.steps.RegisterUserSteps.iClickOnButton(java.lang.String)">
                <span>When I click on "Products" button</span>
      <div>
      </div>
              </div>
              <div class="step pass-bg" title="com.automationexercise.steps.ProductsSteps.iVerifyUserIsNavigatedToALLPRODUCTSPageSuccessfully()">
                <span>And I verify user is navigated to ALL PRODUCTS page successfully</span>
      <div>
      </div>
              </div>
              <div class="step pass-bg" title="com.automationexercise.steps.ProductsSteps.iCheckAllProductsIsVisible()">
                <span>And I check All products is visible</span>
      <div>
      </div>
              </div>
              <div class="step fail-bg" title="com.automationexercise.steps.ProductsSteps.iClickOnViewProductOfFirstProduct(java.lang.String)">
                <span>Then I Click on 'View Product' of first product</span>
      <div>
        <textarea disabled class="code-block">org.openqa.selenium.ElementClickInterceptedException: element click intercepted: Element <a href="/product_details/1" style="color: brown;">...</a> is not clickable at point (441, 516). Other element would receive the click: <iframe id="aswift_7" name="aswift_7" style="width: 100vw !important; height: 100vh !important; inset: 0px auto auto 0px !important; position: absolute !important; clear: none !important; display: inline !important; float: none !important; margin: 0px !important; max-height: none !important; max-width: none !important; opacity: 1 !important; overflow: visible !important; padding: 0px !important; vertical-align: baseline !important; visibility: visible !important; z-index: auto !important;" sandbox="allow-forms allow-popups allow-popups-to-escape-sandbox allow-same-origin allow-scripts allow-top-navigation-by-user-activation" width="" height="" frameborder="0" marginwidth="0" marginheight="0" vspace="0" hspace="0" allowtransparency="true" scrolling="no" src="https://googleads.g.doubleclick.net/pagead/html/r20231207/r20110914/zrt_lookup_fy2021.html?fsb=1#RS-0-&amp;adk=1812271808&amp;client=ca-pub-1677597403311019&amp;fa=8&amp;ifi=8&amp;uci=a!8" data-google-container-id="a!8" data-google-query-id="CO-Vi_ehv4MDFSteDwIdZpcJcg" data-load-complete="true"></iframe>
  (Session info: chrome=120.0.6099.130)
Build info: version: '4.16.1', revision: '9b4c83354e'
System info: os.name: 'Windows 10', os.arch: 'amd64', os.version: '10.0', java.version: '17.0.8'
Driver info: org.openqa.selenium.chrome.ChromeDriver
Command: [e2aae8a28ae5e57cb8a2612e95a636c5, clickElement {id=D9BB843029B95A4AE0A99F69C7C337B6_element_32}]
Capabilities {acceptInsecureCerts: false, browserName: chrome, browserVersion: 120.0.6099.130, chrome: {chromedriverVersion: 120.0.6099.109 (3419140ab66..., userDataDir: C:\Users\Vishal\AppData\Loc...}, fedcm:accounts: true, goog:chromeOptions: {debuggerAddress: localhost:57930}, networkConnectionEnabled: false, pageLoadStrategy: normal, platformName: windows, proxy: Proxy(), se:cdp: ws://localhost:57930/devtoo..., se:cdpVersion: 120.0.6099.130, setWindowRect: true, strictFileInteractability: false, timeouts: {implicit: 0, pageLoad: 300000, script: 30000}, unhandledPromptBehavior: dismiss and notify, webauthn:extension:credBlob: true, webauthn:extension:largeBlob: true, webauthn:extension:minPinLength: true, webauthn:extension:prf: true, webauthn:virtualAuthenticators: true}
Element: [[ChromeDriver: chrome on windows (e2aae8a28ae5e57cb8a2612e95a636c5)] -> css selector: a[href='/product_details/1']]
Session ID: e2aae8a28ae5e57cb8a2612e95a636c5
	at java.base/jdk.internal.reflect.NativeConstructorAccessorImpl.newInstance0(Native Method)
	at java.base/jdk.internal.reflect.NativeConstructorAccessorImpl.newInstance(NativeConstructorAccessorImpl.java:77)
	at java.base/jdk.internal.reflect.DelegatingConstructorAccessorImpl.newInstance(DelegatingConstructorAccessorImpl.java:45)
	at java.base/java.lang.reflect.Constructor.newInstanceWithCaller(Constructor.java:499)
	at java.base/java.lang.reflect.Constructor.newInstance(Constructor.java:480)
	at org.openqa.selenium.remote.codec.w3c.W3CHttpResponseCodec.createException(W3CHttpResponseCodec.java:200)
	at org.openqa.selenium.remote.codec.w3c.W3CHttpResponseCodec.decode(W3CHttpResponseCodec.java:133)
	at org.openqa.selenium.remote.codec.w3c.W3CHttpResponseCodec.decode(W3CHttpResponseCodec.java:52)
	at org.openqa.selenium.remote.HttpCommandExecutor.execute(HttpCommandExecutor.java:191)
	at org.openqa.selenium.remote.service.DriverCommandExecutor.invokeExecute(DriverCommandExecutor.java:200)
	at org.openqa.selenium.remote.service.DriverCommandExecutor.execute(DriverCommandExecutor.java:175)
	at org.openqa.selenium.remote.RemoteWebDriver.execute(RemoteWebDriver.java:523)
	at org.openqa.selenium.remote.RemoteWebElement.execute(RemoteWebElement.java:224)
	at org.openqa.selenium.remote.RemoteWebElement.click(RemoteWebElement.java:77)
	at java.base/jdk.internal.reflect.NativeMethodAccessorImpl.invoke0(Native Method)
	at java.base/jdk.internal.reflect.NativeMethodAccessorImpl.invoke(NativeMethodAccessorImpl.java:77)
	at java.base/jdk.internal.reflect.DelegatingMethodAccessorImpl.invoke(DelegatingMethodAccessorImpl.java:43)
	at java.base/java.lang.reflect.Method.invoke(Method.java:568)
	at org.openqa.selenium.support.pagefactory.internal.LocatingElementHandler.invoke(LocatingElementHandler.java:51)
	at jdk.proxy2/jdk.proxy2.$Proxy29.click(Unknown Source)
	at com.automationexercise.utility.Utility.clickOnElement(Utility.java:54)
	at com.automationexercise.pages.AllProductsPage.clickOnFirstProduct(AllProductsPage.java:124)
	at com.automationexercise.steps.ProductsSteps.iClickOnViewProductOfFirstProduct(ProductsSteps.java:28)
	at ✽.I Click on 'View Product' of first product(file:///C:/Users/Vishal/IdeaProjects/automationexercise-cucumber/src/test/resources/features/Products.feature:25)
</textarea>
      
      </div>
              </div>
              <div class="step skip-bg" title="com.automationexercise.steps.ProductsSteps.iLandedToProductDetailPage()">
                <span>And I landed to product detail page</span>
      <div>Step skipped
      </div>
              </div>
              <div class="step skip-bg" title="com.automationexercise.steps.ProductsSteps.iVerifyThatDetailIsVisibleProductNameCategoryPriceAvailabilityConditionBrand()">
                <span>And I Verify that detail is visible: product name, category, price, availability, condition, brand</span>
      <div>Step skipped
      </div>
              </div>
              <div class="step pass-bg" title="AFTER">
                <span>com.automationexercise.steps.Hooks.tearDown(io.cucumber.java.Scenario)</span>
      <div>8) verify user can be register
          <div class="row mb-3"><div class="col-md-3">
<img data-featherlight='../screenshots/embedded1.png' src="../screenshots/embedded1.png">
    
    </div></div>
</div>
      <div>
      </div>
              </div>
          </div>
        </div>
  </div>
  <div class="card">
    <div class="card-header" role="tab">
      <div class="card-title">
        <div class="node" id="13"><span class="badge log pass-bg mr-2">Pass</span>9) Search Product</div>
      </div>
    </div>
        <div class="collapse">
          <div class="card-body">
              <div class="step pass-bg" title="com.automationexercise.steps.RegisterUserSteps.iOpenTheURL()">
                <span>And I open the URL</span>
      <div>
      </div>
              </div>
              <div class="step pass-bg" title="com.automationexercise.steps.RegisterUserSteps.iVerifyThatHomePageVisibleSuccessfully()">
                <span>And I verify that home page visible successfully</span>
      <div>
      </div>
              </div>
              <div class="step pass-bg" title="com.automationexercise.steps.ProductsSteps.iClickOnProductsButton()">
                <span>When I click on Products button</span>
      <div>
      </div>
              </div>
              <div class="step pass-bg" title="com.automationexercise.steps.ProductsSteps.iVerifyUserIsNavigatedToALLPRODUCTSPageSuccessfully()">
                <span>And I verify user is navigated to ALL PRODUCTS page successfully</span>
      <div>
      </div>
              </div>
              <div class="step pass-bg" title="com.automationexercise.steps.ProductsSteps.iEnterProductNameInSearchInput()">
                <span>And I enter product name in search input</span>
      <div>
      </div>
              </div>
              <div class="step pass-bg" title="com.automationexercise.steps.ProductsSteps.iClickSearchButton()">
                <span>And I click search button</span>
      <div>
      </div>
              </div>
              <div class="step pass-bg" title="com.automationexercise.steps.ProductsSteps.iVerifySearchedProductsIsVisible()">
                <span>And I verify Searched Products is visible</span>
      <div>
      </div>
              </div>
              <div class="step pass-bg" title="com.automationexercise.steps.ProductsSteps.iVerifyAllTheProductsRelatedToSearchAreVisible()">
                <span>Then I verify all the products related to search are visible</span>
      <div>
      </div>
              </div>
          </div>
        </div>
  </div>
  <div class="card">
    <div class="card-header" role="tab">
      <div class="card-title">
        <div class="node" id="24"><span class="badge log pass-bg mr-2">Pass</span>10) Verify Subscription in home page</div>
      </div>
    </div>
        <div class="collapse">
          <div class="card-body">
              <div class="step pass-bg" title="com.automationexercise.steps.RegisterUserSteps.iOpenTheURL()">
                <span>And I open the URL</span>
      <div>
      </div>
              </div>
              <div class="step pass-bg" title="com.automationexercise.steps.RegisterUserSteps.iVerifyThatHomePageVisibleSuccessfully()">
                <span>And I verify that home page visible successfully</span>
      <div>
      </div>
              </div>
              <div class="step pass-bg" title="com.automationexercise.steps.ProductsSteps.iClickOnCartButton()">
                <span>When I click on Cart button</span>
      <div>
      </div>
              </div>
              <div class="step pass-bg" title="com.automationexercise.steps.ProductsSteps.iScrollDownToFooter()">
                <span>And I scroll down to footer</span>
      <div>
      </div>
              </div>
              <div class="step pass-bg" title="com.automationexercise.steps.ProductsSteps.iVerifyTextSUBSCRIPTION(java.lang.String)">
                <span>And I Verify text "SUBSCRIPTION"</span>
      <div>
      </div>
              </div>
              <div class="step pass-bg" title="com.automationexercise.steps.ProductsSteps.iEnterEmailAddressInInputAndClickArrowButton()">
                <span>Then I enter email address in input and click arrow button</span>
      <div>
      </div>
              </div>
              <div class="step pass-bg" title="com.automationexercise.steps.ProductsSteps.iVerifySuccessMessageYouHaveBeenSuccessfullySubscribedIsVisible()">
                <span>And I verify success message You have been successfully subscribed! is visible</span>
      <div>
      </div>
              </div>
          </div>
        </div>
  </div>
  <div class="card">
    <div class="card-header" role="tab">
      <div class="card-title">
        <div class="node" id="34"><span class="badge log pass-bg mr-2">Pass</span>11) Verify Subscription in Cart page</div>
      </div>
    </div>
        <div class="collapse">
          <div class="card-body">
              <div class="step pass-bg" title="com.automationexercise.steps.RegisterUserSteps.iOpenTheURL()">
                <span>And I open the URL</span>
      <div>
      </div>
              </div>
              <div class="step pass-bg" title="com.automationexercise.steps.RegisterUserSteps.iVerifyThatHomePageVisibleSuccessfully()">
                <span>And I verify that home page visible successfully</span>
      <div>
      </div>
              </div>
              <div class="step pass-bg" title="com.automationexercise.steps.ProductsSteps.iScrollDownToFooter()">
                <span>When I scroll down to footer</span>
      <div>
      </div>
              </div>
              <div class="step pass-bg" title="com.automationexercise.steps.ProductsSteps.iVerifyTextSUBSCRIPTION(java.lang.String)">
                <span>And I Verify text 'SUBSCRIPTION'</span>
      <div>
      </div>
              </div>
              <div class="step pass-bg" title="com.automationexercise.steps.ProductsSteps.iEnterEmailAddressInInputAndClickArrowButton()">
                <span>Then I enter email address in input and click arrow button</span>
      <div>
      </div>
              </div>
              <div class="step pass-bg" title="com.automationexercise.steps.ProductsSteps.iVerifySuccessMessageYouHaveBeenSuccessfullySubscribedIsVisible()">
                <span>And I verify success message You have been successfully subscribed! is visible</span>
      <div>
      </div>
              </div>
          </div>
        </div>
  </div>
  <div class="card">
    <div class="card-header" role="tab">
      <div class="card-title">
        <div class="node" id="43"><span class="badge log fail-bg mr-2">Fail</span>12) Add Products in Cart</div>
          <div class="status-avatar float-right mr-4">
            <i class="fa fa-paperclip"></i>
          </div>
      </div>
    </div>
        <div class="">
          <div class="card-body">
              <div class="step pass-bg" title="com.automationexercise.steps.RegisterUserSteps.iOpenTheURL()">
                <span>And I open the URL</span>
      <div>
      </div>
              </div>
              <div class="step pass-bg" title="com.automationexercise.steps.RegisterUserSteps.iVerifyThatHomePageVisibleSuccessfully()">
                <span>And I verify that home page visible successfully</span>
      <div>
      </div>
              </div>
              <div class="step pass-bg" title="com.automationexercise.steps.ProductsSteps.iClickOnProductsButton()">
                <span>When I click on Products button</span>
      <div>
      </div>
              </div>
              <div class="step pass-bg" title="com.automationexercise.steps.ProductsSteps.iHoverOverFirstProductAndClickAddToCart(java.lang.String)">
                <span>And I Hover over first product and click 'Add to cart'</span>
      <div>
      </div>
              </div>
              <div class="step pass-bg" title="com.automationexercise.steps.ProductsSteps.iClickContinueShoppingButton()">
                <span>And I Click Continue Shopping button</span>
      <div>
      </div>
              </div>
              <div class="step pass-bg" title="com.automationexercise.steps.ProductsSteps.iHoverOverSecondProductAndClickAddToCart(java.lang.String)">
                <span>And I Hover over second product and click 'Add to cart'</span>
      <div>
      </div>
              </div>
              <div class="step fail-bg" title="com.automationexercise.steps.ProductsSteps.iClickViewCartButton()">
                <span>And I Click View Cart button</span>
      <div>
        <textarea disabled class="code-block">org.openqa.selenium.TimeoutException: Expected condition failed: waiting for visibility of element located by By.xpath: //u[normalize-space()='View Cart'] (tried for 10 second(s) with 500 milliseconds interval)
Build info: version: '4.16.1', revision: '9b4c83354e'
System info: os.name: 'Windows 10', os.arch: 'amd64', os.version: '10.0', java.version: '17.0.8'
Driver info: org.openqa.selenium.chrome.ChromeDriver
Capabilities {acceptInsecureCerts: false, browserName: chrome, browserVersion: 120.0.6099.130, chrome: {chromedriverVersion: 120.0.6099.109 (3419140ab66..., userDataDir: C:\Users\Vishal\AppData\Loc...}, fedcm:accounts: true, goog:chromeOptions: {debuggerAddress: localhost:58090}, networkConnectionEnabled: false, pageLoadStrategy: normal, platformName: windows, proxy: Proxy(), se:cdp: ws://localhost:58090/devtoo..., se:cdpVersion: 120.0.6099.130, setWindowRect: true, strictFileInteractability: false, timeouts: {implicit: 0, pageLoad: 300000, script: 30000}, unhandledPromptBehavior: dismiss and notify, webauthn:extension:credBlob: true, webauthn:extension:largeBlob: true, webauthn:extension:minPinLength: true, webauthn:extension:prf: true, webauthn:virtualAuthenticators: true}
Session ID: c0243b1ad317f3d6cc82f01709be0428
	at org.openqa.selenium.support.ui.WebDriverWait.timeoutException(WebDriverWait.java:84)
	at org.openqa.selenium.support.ui.FluentWait.until(FluentWait.java:229)
	at com.automationexercise.utility.Utility.waitUntilVisibilityOfElementLocated(Utility.java:254)
	at com.automationexercise.pages.AllProductsPage.clickOnCartViewButton(AllProductsPage.java:194)
	at com.automationexercise.steps.ProductsSteps.iClickViewCartButton(ProductsSteps.java:119)
	at ✽.I Click View Cart button(file:///C:/Users/Vishal/IdeaProjects/automationexercise-cucumber/src/test/resources/features/Products.feature:96)
</textarea>
      
      </div>
              </div>
              <div class="step skip-bg" title="com.automationexercise.steps.ProductsSteps.iVerifyBothProductsAreAddedToCart()">
                <span>Then I Verify both products are added to Cart</span>
      <div>Step skipped
      </div>
              </div>
              <div class="step skip-bg" title="com.automationexercise.steps.ProductsSteps.iVerifyTheirPricesQuantityAndTotalPrice()">
                <span>And I Verify their prices, quantity and total price</span>
      <div>Step skipped
      </div>
              </div>
              <div class="step pass-bg" title="AFTER">
                <span>com.automationexercise.steps.Hooks.tearDown(io.cucumber.java.Scenario)</span>
      <div>12) Add Products in Cart
          <div class="row mb-3"><div class="col-md-3">
<img data-featherlight='../screenshots/embedded2.png' src="../screenshots/embedded2.png">
    
    </div></div>
</div>
      <div>
      </div>
              </div>
          </div>
        </div>
  </div>
  <div class="card">
    <div class="card-header" role="tab">
      <div class="card-title">
        <div class="node" id="55"><span class="badge log fail-bg mr-2">Fail</span>13) Verify Product quantity in Cart</div>
          <div class="status-avatar float-right mr-4">
            <i class="fa fa-paperclip"></i>
          </div>
      </div>
    </div>
        <div class="">
          <div class="card-body">
              <div class="step pass-bg" title="com.automationexercise.steps.RegisterUserSteps.iOpenTheURL()">
                <span>And I open the URL</span>
      <div>
      </div>
              </div>
              <div class="step pass-bg" title="com.automationexercise.steps.RegisterUserSteps.iVerifyThatHomePageVisibleSuccessfully()">
                <span>And I verify that home page visible successfully</span>
      <div>
      </div>
              </div>
              <div class="step pass-bg" title="com.automationexercise.steps.RegisterUserSteps.iClickHomeButton(java.lang.String)">
                <span>When I Click 'View Product' button</span>
      <div>
      </div>
              </div>
              <div class="step pass-bg" title="com.automationexercise.steps.ProductsSteps.iVerifyProductDetailIsOpened()">
                <span>And I  Verify product detail is opened</span>
      <div>
      </div>
              </div>
              <div class="step pass-bg" title="com.automationexercise.steps.ProductsSteps.iIncreaseQuantityTo(java.lang.String)">
                <span>And I increase quantity to "4"</span>
      <div>
      </div>
              </div>
              <div class="step fail-bg" title="com.automationexercise.steps.RegisterUserSteps.iClickHomeButton(java.lang.String)">
                <span>And I Click 'Add to cart' button</span>
      <div>
        <textarea disabled class="code-block">org.openqa.selenium.NoSuchElementException: no such element: Unable to locate element: {"method":"xpath","selector":"//body/section[2]/div[1]/div[1]/div[2]/div[1]/div[3]/div[1]/div[1]/div[1]/a[1]"}
  (Session info: chrome=120.0.6099.130)
For documentation on this error, please visit: https://www.selenium.dev/documentation/webdriver/troubleshooting/errors#no-such-element-exception
Build info: version: '4.16.1', revision: '9b4c83354e'
System info: os.name: 'Windows 10', os.arch: 'amd64', os.version: '10.0', java.version: '17.0.8'
Driver info: org.openqa.selenium.chrome.ChromeDriver
Command: [1430996530a2e4541112995eddd72d69, findElement {using=xpath, value=//body/section[2]/div[1]/div[1]/div[2]/div[1]/div[3]/div[1]/div[1]/div[1]/a[1]}]
Capabilities {acceptInsecureCerts: false, browserName: chrome, browserVersion: 120.0.6099.130, chrome: {chromedriverVersion: 120.0.6099.109 (3419140ab66..., userDataDir: C:\Users\Vishal\AppData\Loc...}, fedcm:accounts: true, goog:chromeOptions: {debuggerAddress: localhost:58128}, networkConnectionEnabled: false, pageLoadStrategy: normal, platformName: windows, proxy: Proxy(), se:cdp: ws://localhost:58128/devtoo..., se:cdpVersion: 120.0.6099.130, setWindowRect: true, strictFileInteractability: false, timeouts: {implicit: 0, pageLoad: 300000, script: 30000}, unhandledPromptBehavior: dismiss and notify, webauthn:extension:credBlob: true, webauthn:extension:largeBlob: true, webauthn:extension:minPinLength: true, webauthn:extension:prf: true, webauthn:virtualAuthenticators: true}
Session ID: 1430996530a2e4541112995eddd72d69
	at java.base/jdk.internal.reflect.NativeConstructorAccessorImpl.newInstance0(Native Method)
	at java.base/jdk.internal.reflect.NativeConstructorAccessorImpl.newInstance(NativeConstructorAccessorImpl.java:77)
	at java.base/jdk.internal.reflect.DelegatingConstructorAccessorImpl.newInstance(DelegatingConstructorAccessorImpl.java:45)
	at java.base/java.lang.reflect.Constructor.newInstanceWithCaller(Constructor.java:499)
	at java.base/java.lang.reflect.Constructor.newInstance(Constructor.java:480)
	at org.openqa.selenium.remote.codec.w3c.W3CHttpResponseCodec.createException(W3CHttpResponseCodec.java:200)
	at org.openqa.selenium.remote.codec.w3c.W3CHttpResponseCodec.decode(W3CHttpResponseCodec.java:133)
	at org.openqa.selenium.remote.codec.w3c.W3CHttpResponseCodec.decode(W3CHttpResponseCodec.java:52)
	at org.openqa.selenium.remote.HttpCommandExecutor.execute(HttpCommandExecutor.java:191)
	at org.openqa.selenium.remote.service.DriverCommandExecutor.invokeExecute(DriverCommandExecutor.java:200)
	at org.openqa.selenium.remote.service.DriverCommandExecutor.execute(DriverCommandExecutor.java:175)
	at org.openqa.selenium.remote.RemoteWebDriver.execute(RemoteWebDriver.java:523)
	at org.openqa.selenium.remote.ElementLocation$ElementFinder$2.findElement(ElementLocation.java:165)
	at org.openqa.selenium.remote.ElementLocation.findElement(ElementLocation.java:59)
	at org.openqa.selenium.remote.RemoteWebDriver.findElement(RemoteWebDriver.java:360)
	at org.openqa.selenium.remote.RemoteWebDriver.findElement(RemoteWebDriver.java:354)
	at org.openqa.selenium.support.pagefactory.DefaultElementLocator.findElement(DefaultElementLocator.java:68)
	at org.openqa.selenium.support.pagefactory.internal.LocatingElementHandler.invoke(LocatingElementHandler.java:38)
	at jdk.proxy2/jdk.proxy2.$Proxy29.click(Unknown Source)
	at com.automationexercise.utility.Utility.clickOnElement(Utility.java:54)
	at com.automationexercise.pages.ContactusPage.clickOnHomeButton(ContactusPage.java:162)
	at com.automationexercise.steps.RegisterUserSteps.iClickHomeButton(RegisterUserSteps.java:203)
	at ✽.I Click 'Add to cart' button(file:///C:/Users/Vishal/IdeaProjects/automationexercise-cucumber/src/test/resources/features/Products.feature:114)
</textarea>
      
      </div>
              </div>
              <div class="step skip-bg" title="com.automationexercise.steps.RegisterUserSteps.iClickHomeButton(java.lang.String)">
                <span>Then I Click 'View Cart' button</span>
      <div>Step skipped
      </div>
              </div>
              <div class="step skip-bg" title="com.automationexercise.steps.ProductsSteps.iVerifyThatProductIsDisplayedInCartPageWithExactQuantity(java.lang.String)">
                <span>And I Verify that product is displayed in cart page with exact quantity "4"</span>
      <div>Step skipped
      </div>
              </div>
              <div class="step pass-bg" title="AFTER">
                <span>com.automationexercise.steps.Hooks.tearDown(io.cucumber.java.Scenario)</span>
      <div>13) Verify Product quantity in Cart
          <div class="row mb-3"><div class="col-md-3">
<img data-featherlight='../screenshots/embedded3.png' src="../screenshots/embedded3.png">
    
    </div></div>
</div>
      <div>
      </div>
              </div>
          </div>
        </div>
  </div>
  <div class="card">
    <div class="card-header" role="tab">
      <div class="card-title">
        <div class="node" id="66"><span class="badge log pass-bg mr-2">Pass</span>14) Place order: Register While Checkout</div>
      </div>
    </div>
        <div class="collapse">
          <div class="card-body">
              <div class="step pass-bg" title="com.automationexercise.steps.RegisterUserSteps.iOpenTheURL()">
                <span>And I open the URL</span>
      <div>
      </div>
              </div>
              <div class="step pass-bg" title="com.automationexercise.steps.RegisterUserSteps.iVerifyThatHomePageVisibleSuccessfully()">
                <span>And I verify that home page visible successfully</span>
      <div>
      </div>
              </div>
              <div class="step pass-bg" title="com.automationexercise.steps.ProductsSteps.iHoverOverFirstProductAndClickAddToCart(java.lang.String)">
                <span>When I Hover over first product and click 'Add to cart'</span>
      <div>
      </div>
              </div>
              <div class="step pass-bg" title="com.automationexercise.steps.ProductsSteps.iClickViewCartButton()">
                <span>And I Click View Cart button</span>
      <div>
      </div>
              </div>
              <div class="step pass-bg" title="com.automationexercise.steps.ProductsSteps.iVerifyThatCartPageIsDisplayed()">
                <span>And I Verify that cart page is displayed</span>
      <div>
      </div>
              </div>
              <div class="step pass-bg" title="com.automationexercise.steps.ProductsSteps.iClickProceedToCheckout()">
                <span>And I Click Proceed To Checkout</span>
      <div>
      </div>
              </div>
              <div class="step pass-bg" title="com.automationexercise.steps.RegisterUserSteps.iClickHomeButton(java.lang.String)">
                <span>And I Click "Register / Login" button</span>
      <div>
      </div>
              </div>
              <div class="step pass-bg" title="com.automationexercise.steps.RegisterUserSteps.iEnterNameAndEmailAddress(java.lang.String,java.lang.String)">
                <span>And I Enter name "Vivek" and email"vivegghgjk@gmail.com" address</span>
      <div>
      </div>
              </div>
              <div class="step pass-bg" title="com.automationexercise.steps.RegisterUserSteps.iClickSignupButton()">
                <span>And I Click Signup button</span>
      <div>
      </div>
              </div>
              <div class="step pass-bg" title="com.automationexercise.steps.RegisterUserSteps.iVerifyThatENTERACCOUNTINFORMATIONIsVisible()">
                <span>And I Verify that ENTER ACCOUNT INFORMATION is visible</span>
      <div>
      </div>
              </div>
              <div class="step pass-bg" title="com.automationexercise.steps.RegisterUserSteps.iFillDetailsTitleNameEmailPasswordDateOfBirthDayMonthYear(java.lang.String,java.lang.String,java.lang.String,java.lang.String,java.lang.String)">
                <span>And I Fill details: Title "Mr", Name , Email, Password "Password123", Date of birth Day "1" Month "January" Year "1987"</span>
      <div>
      </div>
              </div>
              <div class="step pass-bg" title="com.automationexercise.steps.RegisterUserSteps.iSelectCheckboxSignUpForOurNewsletter()">
                <span>And I Select checkbox Sign up for our newsletter!</span>
      <div>
      </div>
              </div>
              <div class="step pass-bg" title="com.automationexercise.steps.RegisterUserSteps.iSelectCheckboxReceiveSpecialOffersFromOurPartners()">
                <span>And I Select checkbox Receive special offers from our partners!</span>
      <div>
      </div>
              </div>
              <div class="step pass-bg" title="com.automationexercise.steps.RegisterUserSteps.iFillDetailsFirstNameLastNameCompanyAddressAddressCountryStateCityZipcodeMobileNumber(int)">
                <span>And I  Fill details: First name, Last name, Company, Address, Address2, Country, State, City, Zipcode, Mobile Number</span>
      <div>
      </div>
              </div>
              <div class="step pass-bg" title="com.automationexercise.steps.RegisterUserSteps.iClickCreateAccountButton()">
                <span>And I  Click Create Account button</span>
      <div>
      </div>
              </div>
              <div class="step pass-bg" title="com.automationexercise.steps.RegisterUserSteps.iVerifyThatACCOUNTCREATEDIsVisible()">
                <span>And I Verify that ACCOUNT CREATED! is visible</span>
      <div>
      </div>
              </div>
              <div class="step pass-bg" title="com.automationexercise.steps.RegisterUserSteps.iClickContinueButton()">
                <span>And I Click Continue button</span>
      <div>
      </div>
              </div>
              <div class="step pass-bg" title="com.automationexercise.steps.RegisterUserSteps.iVerifyThatLoggedInAsUsernameIsVisible()">
                <span>And I Verify that Logged in as username is visible</span>
      <div>
      </div>
              </div>
              <div class="step pass-bg" title="com.automationexercise.steps.ProductsSteps.iClickButton(java.lang.String)">
                <span>And I click "Cart" button</span>
      <div>
      </div>
              </div>
              <div class="step pass-bg" title="com.automationexercise.steps.ProductsSteps.iClickProceedToCheckout()">
                <span>And I Click Proceed To Checkout</span>
      <div>
      </div>
              </div>
              <div class="step pass-bg" title="com.automationexercise.steps.ProductsSteps.verifyAddressDetailsAndReviewYourOrder()">
                <span>And Verify Address Details and Review Your Order</span>
      <div>
      </div>
              </div>
              <div class="step pass-bg" title="com.automationexercise.steps.ProductsSteps.enterDescriptionInCommentTextAreaAndClick(java.lang.String)">
                <span>And Enter description in comment text area and click "Place Order"</span>
      <div>
      </div>
              </div>
              <div class="step pass-bg" title="com.automationexercise.steps.ProductsSteps.iEnterPaymentDetails(java.lang.String,java.lang.String,java.lang.String,java.lang.String,java.lang.String)">
                <span>And I Enter payment details: "james", "647367436736736763746", "345", "21", "2012"</span>
      <div>
      </div>
              </div>
              <div class="step pass-bg" title="com.automationexercise.steps.RegisterUserSteps.iClickHomeButton(java.lang.String)">
                <span>And I Click "Pay and Confirm Order" button</span>
      <div>
      </div>
              </div>
              <div class="step pass-bg" title="com.automationexercise.steps.ProductsSteps.iVerifySuccessMessage(java.lang.String)">
                <span>And I Verify success message "Congratulations! Your order has been confirmed!"</span>
      <div>
      </div>
              </div>
              <div class="step pass-bg" title="com.automationexercise.steps.RegisterUserSteps.iClickDeleteAccountButton()">
                <span>Then I Click Delete Account button</span>
      <div>
      </div>
              </div>
              <div class="step pass-bg" title="com.automationexercise.steps.RegisterUserSteps.iVerifyThatACCOUNTDELETEDIsVisibleAndClickContinueButton()">
                <span>And I Verify that ACCOUNT DELETED! is visible and click Continue button</span>
      <div>
      </div>
              </div>
          </div>
        </div>
  </div>
  <div class="card">
    <div class="card-header" role="tab">
      <div class="card-title">
        <div class="node" id="96"><span class="badge log pass-bg mr-2">Pass</span>15) Place Order: Register before Checkout</div>
      </div>
    </div>
        <div class="collapse">
          <div class="card-body">
              <div class="step pass-bg" title="com.automationexercise.steps.RegisterUserSteps.iOpenTheURL()">
                <span>And I open the URL</span>
      <div>
      </div>
              </div>
              <div class="step pass-bg" title="com.automationexercise.steps.RegisterUserSteps.iVerifyThatHomePageVisibleSuccessfully()">
                <span>And I verify that home page visible successfully</span>
      <div>
      </div>
              </div>
              <div class="step pass-bg" title="com.automationexercise.steps.RegisterUserSteps.iClickHomeButton(java.lang.String)">
                <span>When I Click 'Signup / Login' button</span>
      <div>
      </div>
              </div>
              <div class="step pass-bg" title="com.automationexercise.steps.RegisterUserSteps.iEnterNameAndEmailAddress(java.lang.String,java.lang.String)">
                <span>And I Enter name "Vivek" and email"visaghakdGcs@gmail.com" address</span>
      <div>
      </div>
              </div>
              <div class="step pass-bg" title="com.automationexercise.steps.RegisterUserSteps.iClickSignupButton()">
                <span>And I Click Signup button</span>
      <div>
      </div>
              </div>
              <div class="step pass-bg" title="com.automationexercise.steps.RegisterUserSteps.iFillDetailsTitleNameEmailPasswordDateOfBirthDayMonthYear(java.lang.String,java.lang.String,java.lang.String,java.lang.String,java.lang.String)">
                <span>And I Fill details: Title "Mr", Name , Email, Password "Password123", Date of birth Day "1" Month "January" Year "1987"</span>
      <div>
      </div>
              </div>
              <div class="step pass-bg" title="com.automationexercise.steps.RegisterUserSteps.iFillDetailsFirstNameLastNameCompanyAddressAddressCountryStateCityZipcodeMobileNumber(int)">
                <span>And I  Fill details: First name, Last name, Company, Address, Address2, Country, State, City, Zipcode, Mobile Number</span>
      <div>
      </div>
              </div>
              <div class="step pass-bg" title="com.automationexercise.steps.RegisterUserSteps.iClickCreateAccountButton()">
                <span>And I  Click Create Account button</span>
      <div>
      </div>
              </div>
              <div class="step pass-bg" title="com.automationexercise.steps.RegisterUserSteps.iVerifyThatACCOUNTCREATEDIsVisible()">
                <span>And I Verify that ACCOUNT CREATED! is visible</span>
      <div>
      </div>
              </div>
              <div class="step pass-bg" title="com.automationexercise.steps.RegisterUserSteps.iClickContinueButton()">
                <span>And I Click Continue button</span>
      <div>
      </div>
              </div>
              <div class="step pass-bg" title="com.automationexercise.steps.RegisterUserSteps.iVerifyThatLoggedInAsUsernameIsVisible()">
                <span>And I Verify that Logged in as username is visible</span>
      <div>
      </div>
              </div>
              <div class="step pass-bg" title="com.automationexercise.steps.ProductsSteps.iHoverOverFirstProductAndClickAddToCart(java.lang.String)">
                <span>And I Hover over first product and click 'Add to cart'</span>
      <div>
      </div>
              </div>
              <div class="step pass-bg" title="com.automationexercise.steps.RegisterUserSteps.iClickHomeButton(java.lang.String)">
                <span>And I Click 'Cart' button</span>
      <div>
      </div>
              </div>
              <div class="step pass-bg" title="com.automationexercise.steps.ProductsSteps.iVerifyThatCartPageIsDisplayed()">
                <span>And I Verify that cart page is displayed</span>
      <div>
      </div>
              </div>
              <div class="step pass-bg" title="com.automationexercise.steps.ProductsSteps.iClickProceedToCheckout()">
                <span>And I Click Proceed To Checkout</span>
      <div>
      </div>
              </div>
              <div class="step pass-bg" title="com.automationexercise.steps.ProductsSteps.verifyAddressDetailsAndReviewYourOrder()">
                <span>And Verify Address Details and Review Your Order</span>
      <div>
      </div>
              </div>
              <div class="step pass-bg" title="com.automationexercise.steps.ProductsSteps.enterDescriptionInCommentTextAreaAndClick(java.lang.String)">
                <span>And Enter description in comment text area and click "Place Order"</span>
      <div>
      </div>
              </div>
              <div class="step pass-bg" title="com.automationexercise.steps.ProductsSteps.iEnterPaymentDetails(java.lang.String,java.lang.String,java.lang.String,java.lang.String,java.lang.String)">
                <span>And I Enter payment details: "james", "647367436736736763746", "345", "21", "2012"</span>
      <div>
      </div>
              </div>
              <div class="step pass-bg" title="com.automationexercise.steps.RegisterUserSteps.iClickHomeButton(java.lang.String)">
                <span>And I Click "Pay and Confirm Order" button</span>
      <div>
      </div>
              </div>
              <div class="step pass-bg" title="com.automationexercise.steps.ProductsSteps.iVerifySuccessMessage(java.lang.String)">
                <span>And I Verify success message "Congratulations! Your order has been confirmed!"</span>
      <div>
      </div>
              </div>
              <div class="step pass-bg" title="com.automationexercise.steps.RegisterUserSteps.iClickDeleteAccountButton()">
                <span>Then I Click Delete Account button</span>
      <div>
      </div>
              </div>
              <div class="step pass-bg" title="com.automationexercise.steps.RegisterUserSteps.iVerifyThatACCOUNTDELETEDIsVisibleAndClickContinueButton()">
                <span>And I Verify that ACCOUNT DELETED! is visible and click Continue button</span>
      <div>
      </div>
              </div>
          </div>
        </div>
  </div>
  <div class="card">
    <div class="card-header" role="tab">
      <div class="card-title">
        <div class="node" id="121"><span class="badge log fail-bg mr-2">Fail</span>16) Place Order: Login before Checkout</div>
          <div class="status-avatar float-right mr-4">
            <i class="fa fa-paperclip"></i>
          </div>
      </div>
    </div>
        <div class="">
          <div class="card-body">
              <div class="step pass-bg" title="com.automationexercise.steps.RegisterUserSteps.iOpenTheURL()">
                <span>And I open the URL</span>
      <div>
      </div>
              </div>
              <div class="step pass-bg" title="com.automationexercise.steps.RegisterUserSteps.iVerifyThatHomePageVisibleSuccessfully()">
                <span>And I verify that home page visible successfully</span>
      <div>
      </div>
              </div>
              <div class="step pass-bg" title="com.automationexercise.steps.RegisterUserSteps.iClickHomeButton(java.lang.String)">
                <span>When I Click 'Signup / Login' button</span>
      <div>
      </div>
              </div>
              <div class="step pass-bg" title="com.automationexercise.steps.RegisterUserSteps.iEnterCorrectEmailAddressAndPassword(java.lang.String,java.lang.String)">
                <span>And I enter Correct Email "vive@gmail.com" address and Password "Password123@"</span>
      <div>
      </div>
              </div>
              <div class="step pass-bg" title="com.automationexercise.steps.RegisterUserSteps.iClickOnLoginButton()">
                <span>And I click on login button</span>
      <div>
      </div>
              </div>
              <div class="step fail-bg" title="com.automationexercise.steps.RegisterUserSteps.iVerifyThatLoggedInAsUsernameIsVisible()">
                <span>And I Verify that Logged in as username is visible</span>
      <div>
        <textarea disabled class="code-block">org.openqa.selenium.NoSuchElementException: no such element: Unable to locate element: {"method":"css selector","selector":"li:nth-child(10) a:nth-child(1)"}
  (Session info: chrome=120.0.6099.130)
For documentation on this error, please visit: https://www.selenium.dev/documentation/webdriver/troubleshooting/errors#no-such-element-exception
Build info: version: '4.16.1', revision: '9b4c83354e'
System info: os.name: 'Windows 10', os.arch: 'amd64', os.version: '10.0', java.version: '17.0.8'
Driver info: org.openqa.selenium.chrome.ChromeDriver
Command: [1ed9ae8ccb1c4093e594919662472b4a, findElement {using=css selector, value=li:nth-child(10) a:nth-child(1)}]
Capabilities {acceptInsecureCerts: false, browserName: chrome, browserVersion: 120.0.6099.130, chrome: {chromedriverVersion: 120.0.6099.109 (3419140ab66..., userDataDir: C:\Users\Vishal\AppData\Loc...}, fedcm:accounts: true, goog:chromeOptions: {debuggerAddress: localhost:58265}, networkConnectionEnabled: false, pageLoadStrategy: normal, platformName: windows, proxy: Proxy(), se:cdp: ws://localhost:58265/devtoo..., se:cdpVersion: 120.0.6099.130, setWindowRect: true, strictFileInteractability: false, timeouts: {implicit: 0, pageLoad: 300000, script: 30000}, unhandledPromptBehavior: dismiss and notify, webauthn:extension:credBlob: true, webauthn:extension:largeBlob: true, webauthn:extension:minPinLength: true, webauthn:extension:prf: true, webauthn:virtualAuthenticators: true}
Session ID: 1ed9ae8ccb1c4093e594919662472b4a
	at java.base/jdk.internal.reflect.NativeConstructorAccessorImpl.newInstance0(Native Method)
	at java.base/jdk.internal.reflect.NativeConstructorAccessorImpl.newInstance(NativeConstructorAccessorImpl.java:77)
	at java.base/jdk.internal.reflect.DelegatingConstructorAccessorImpl.newInstance(DelegatingConstructorAccessorImpl.java:45)
	at java.base/java.lang.reflect.Constructor.newInstanceWithCaller(Constructor.java:499)
	at java.base/java.lang.reflect.Constructor.newInstance(Constructor.java:480)
	at org.openqa.selenium.remote.codec.w3c.W3CHttpResponseCodec.createException(W3CHttpResponseCodec.java:200)
	at org.openqa.selenium.remote.codec.w3c.W3CHttpResponseCodec.decode(W3CHttpResponseCodec.java:133)
	at org.openqa.selenium.remote.codec.w3c.W3CHttpResponseCodec.decode(W3CHttpResponseCodec.java:52)
	at org.openqa.selenium.remote.HttpCommandExecutor.execute(HttpCommandExecutor.java:191)
	at org.openqa.selenium.remote.service.DriverCommandExecutor.invokeExecute(DriverCommandExecutor.java:200)
	at org.openqa.selenium.remote.service.DriverCommandExecutor.execute(DriverCommandExecutor.java:175)
	at org.openqa.selenium.remote.RemoteWebDriver.execute(RemoteWebDriver.java:523)
	at org.openqa.selenium.remote.ElementLocation$ElementFinder$2.findElement(ElementLocation.java:165)
	at org.openqa.selenium.remote.ElementLocation.findElement(ElementLocation.java:59)
	at org.openqa.selenium.remote.RemoteWebDriver.findElement(RemoteWebDriver.java:360)
	at org.openqa.selenium.remote.RemoteWebDriver.findElement(RemoteWebDriver.java:354)
	at org.openqa.selenium.support.pagefactory.DefaultElementLocator.findElement(DefaultElementLocator.java:68)
	at org.openqa.selenium.support.pagefactory.internal.LocatingElementHandler.invoke(LocatingElementHandler.java:38)
	at jdk.proxy2/jdk.proxy2.$Proxy29.isDisplayed(Unknown Source)
	at com.automationexercise.utility.Utility.verifyThatElementIsDisplayed(Utility.java:286)
	at com.automationexercise.pages.LoggedInPage.verifyLoggedInAsUserIsVisible(LoggedInPage.java:36)
	at com.automationexercise.steps.RegisterUserSteps.iVerifyThatLoggedInAsUsernameIsVisible(RegisterUserSteps.java:82)
	at ✽.I Verify that Logged in as username is visible(file:///C:/Users/Vishal/IdeaProjects/automationexercise-cucumber/src/test/resources/features/Products.feature:234)
</textarea>
      
      </div>
              </div>
              <div class="step skip-bg" title="com.automationexercise.steps.ProductsSteps.iHoverOverFirstProductAndClickAddToCart(java.lang.String)">
                <span>And I Hover over first product and click 'Add to cart'</span>
      <div>Step skipped
      </div>
              </div>
              <div class="step skip-bg" title="com.automationexercise.steps.RegisterUserSteps.iClickHomeButton(java.lang.String)">
                <span>And I Click 'Cart' button</span>
      <div>Step skipped
      </div>
              </div>
              <div class="step skip-bg" title="com.automationexercise.steps.ProductsSteps.iVerifyThatCartPageIsDisplayed()">
                <span>And I Verify that cart page is displayed</span>
      <div>Step skipped
      </div>
              </div>
              <div class="step skip-bg" title="com.automationexercise.steps.ProductsSteps.iClickProceedToCheckout()">
                <span>And I Click Proceed To Checkout</span>
      <div>Step skipped
      </div>
              </div>
              <div class="step skip-bg" title="com.automationexercise.steps.ProductsSteps.verifyAddressDetailsAndReviewYourOrder()">
                <span>And Verify Address Details and Review Your Order</span>
      <div>Step skipped
      </div>
              </div>
              <div class="step skip-bg" title="com.automationexercise.steps.ProductsSteps.enterDescriptionInCommentTextAreaAndClick(java.lang.String)">
                <span>And Enter description in comment text area and click "Place Order"</span>
      <div>Step skipped
      </div>
              </div>
              <div class="step skip-bg" title="com.automationexercise.steps.ProductsSteps.iEnterPaymentDetails(java.lang.String,java.lang.String,java.lang.String,java.lang.String,java.lang.String)">
                <span>And I Enter payment details: "james", "647367436736736763746", "345", "21", "2012"</span>
      <div>Step skipped
      </div>
              </div>
              <div class="step skip-bg" title="com.automationexercise.steps.RegisterUserSteps.iClickHomeButton(java.lang.String)">
                <span>And I Click "Pay and Confirm Order" button</span>
      <div>Step skipped
      </div>
              </div>
              <div class="step skip-bg" title="com.automationexercise.steps.ProductsSteps.iVerifySuccessMessage(java.lang.String)">
                <span>And I Verify success message "Congratulations! Your order has been confirmed!"</span>
      <div>Step skipped
      </div>
              </div>
              <div class="step skip-bg" title="com.automationexercise.steps.RegisterUserSteps.iClickDeleteAccountButton()">
                <span>Then I Click Delete Account button</span>
      <div>Step skipped
      </div>
              </div>
              <div class="step skip-bg" title="com.automationexercise.steps.RegisterUserSteps.iVerifyThatACCOUNTDELETEDIsVisibleAndClickContinueButton()">
                <span>And I Verify that ACCOUNT DELETED! is visible and click Continue button</span>
      <div>Step skipped
      </div>
              </div>
              <div class="step pass-bg" title="AFTER">
                <span>com.automationexercise.steps.Hooks.tearDown(io.cucumber.java.Scenario)</span>
      <div>16) Place Order: Login before Checkout
          <div class="row mb-3"><div class="col-md-3">
<img data-featherlight='../screenshots/embedded4.png' src="../screenshots/embedded4.png">
    
    </div></div>
</div>
      <div>
      </div>
              </div>
          </div>
        </div>
  </div>
  <div class="card">
    <div class="card-header" role="tab">
      <div class="card-title">
        <div class="node" id="141"><span class="badge log fail-bg mr-2">Fail</span>17) Remove Products From Cart</div>
          <div class="status-avatar float-right mr-4">
            <i class="fa fa-paperclip"></i>
          </div>
      </div>
    </div>
        <div class="">
          <div class="card-body">
              <div class="step pass-bg" title="com.automationexercise.steps.RegisterUserSteps.iOpenTheURL()">
                <span>And I open the URL</span>
      <div>
      </div>
              </div>
              <div class="step pass-bg" title="com.automationexercise.steps.RegisterUserSteps.iVerifyThatHomePageVisibleSuccessfully()">
                <span>And I verify that home page visible successfully</span>
      <div>
      </div>
              </div>
              <div class="step pass-bg" title="com.automationexercise.steps.ProductsSteps.iHoverOverFirstProductAndClickAddToCart(java.lang.String)">
                <span>When I Hover over first product and click 'Add to cart'</span>
      <div>
      </div>
              </div>
              <div class="step pass-bg" title="com.automationexercise.steps.RegisterUserSteps.iClickHomeButton(java.lang.String)">
                <span>And I Click 'Cart' button</span>
      <div>
      </div>
              </div>
              <div class="step pass-bg" title="com.automationexercise.steps.ProductsSteps.iVerifyThatCartPageIsDisplayed()">
                <span>And I Verify that cart page is displayed</span>
      <div>
      </div>
              </div>
              <div class="step fail-bg" title="com.automationexercise.steps.ProductsSteps.iClickXButtonCorrespondingToParticularProduct(java.lang.String)">
                <span>Then I Click 'X' button corresponding to particular product</span>
      <div>
        <textarea disabled class="code-block">org.openqa.selenium.NoSuchElementException: no such element: Unable to locate element: {"method":"xpath","selector":"//i[@class='fa fa-times']"}
  (Session info: chrome=120.0.6099.130)
For documentation on this error, please visit: https://www.selenium.dev/documentation/webdriver/troubleshooting/errors#no-such-element-exception
Build info: version: '4.16.1', revision: '9b4c83354e'
System info: os.name: 'Windows 10', os.arch: 'amd64', os.version: '10.0', java.version: '17.0.8'
Driver info: org.openqa.selenium.chrome.ChromeDriver
Command: [31be3bd1d4d5340feecdd24574fe49d7, findElement {using=xpath, value=//i[@class='fa fa-times']}]
Capabilities {acceptInsecureCerts: false, browserName: chrome, browserVersion: 120.0.6099.130, chrome: {chromedriverVersion: 120.0.6099.109 (3419140ab66..., userDataDir: C:\Users\Vishal\AppData\Loc...}, fedcm:accounts: true, goog:chromeOptions: {debuggerAddress: localhost:58305}, networkConnectionEnabled: false, pageLoadStrategy: normal, platformName: windows, proxy: Proxy(), se:cdp: ws://localhost:58305/devtoo..., se:cdpVersion: 120.0.6099.130, setWindowRect: true, strictFileInteractability: false, timeouts: {implicit: 0, pageLoad: 300000, script: 30000}, unhandledPromptBehavior: dismiss and notify, webauthn:extension:credBlob: true, webauthn:extension:largeBlob: true, webauthn:extension:minPinLength: true, webauthn:extension:prf: true, webauthn:virtualAuthenticators: true}
Session ID: 31be3bd1d4d5340feecdd24574fe49d7
	at java.base/jdk.internal.reflect.NativeConstructorAccessorImpl.newInstance0(Native Method)
	at java.base/jdk.internal.reflect.NativeConstructorAccessorImpl.newInstance(NativeConstructorAccessorImpl.java:77)
	at java.base/jdk.internal.reflect.DelegatingConstructorAccessorImpl.newInstance(DelegatingConstructorAccessorImpl.java:45)
	at java.base/java.lang.reflect.Constructor.newInstanceWithCaller(Constructor.java:499)
	at java.base/java.lang.reflect.Constructor.newInstance(Constructor.java:480)
	at org.openqa.selenium.remote.codec.w3c.W3CHttpResponseCodec.createException(W3CHttpResponseCodec.java:200)
	at org.openqa.selenium.remote.codec.w3c.W3CHttpResponseCodec.decode(W3CHttpResponseCodec.java:133)
	at org.openqa.selenium.remote.codec.w3c.W3CHttpResponseCodec.decode(W3CHttpResponseCodec.java:52)
	at org.openqa.selenium.remote.HttpCommandExecutor.execute(HttpCommandExecutor.java:191)
	at org.openqa.selenium.remote.service.DriverCommandExecutor.invokeExecute(DriverCommandExecutor.java:200)
	at org.openqa.selenium.remote.service.DriverCommandExecutor.execute(DriverCommandExecutor.java:175)
	at org.openqa.selenium.remote.RemoteWebDriver.execute(RemoteWebDriver.java:523)
	at org.openqa.selenium.remote.ElementLocation$ElementFinder$2.findElement(ElementLocation.java:165)
	at org.openqa.selenium.remote.ElementLocation.findElement(ElementLocation.java:59)
	at org.openqa.selenium.remote.RemoteWebDriver.findElement(RemoteWebDriver.java:360)
	at org.openqa.selenium.remote.RemoteWebDriver.findElement(RemoteWebDriver.java:354)
	at org.openqa.selenium.support.pagefactory.DefaultElementLocator.findElement(DefaultElementLocator.java:68)
	at org.openqa.selenium.support.pagefactory.internal.LocatingElementHandler.invoke(LocatingElementHandler.java:38)
	at jdk.proxy2/jdk.proxy2.$Proxy29.click(Unknown Source)
	at com.automationexercise.utility.Utility.clickOnElement(Utility.java:54)
	at com.automationexercise.pages.ContactusPage.clickOnHomeButton(ContactusPage.java:178)
	at com.automationexercise.steps.ProductsSteps.iClickXButtonCorrespondingToParticularProduct(ProductsSteps.java:198)
	at ✽.I Click 'X' button corresponding to particular product(file:///C:/Users/Vishal/IdeaProjects/automationexercise-cucumber/src/test/resources/features/Products.feature:262)
</textarea>
      
      </div>
              </div>
              <div class="step skip-bg" title="com.automationexercise.steps.ProductsSteps.iVerifyThatProductIsRemovedFromTheCart()">
                <span>And I Verify that product is removed from the cart</span>
      <div>Step skipped
      </div>
              </div>
              <div class="step pass-bg" title="AFTER">
                <span>com.automationexercise.steps.Hooks.tearDown(io.cucumber.java.Scenario)</span>
      <div>17) Remove Products From Cart
          <div class="row mb-3"><div class="col-md-3">
<img data-featherlight='../screenshots/embedded5.png' src="../screenshots/embedded5.png">
    
    </div></div>
</div>
      <div>
      </div>
              </div>
          </div>
        </div>
  </div>
  <div class="card">
    <div class="card-header" role="tab">
      <div class="card-title">
        <div class="node" id="151"><span class="badge log pass-bg mr-2">Pass</span>18) View Category Products</div>
      </div>
    </div>
        <div class="collapse">
          <div class="card-body">
              <div class="step pass-bg" title="com.automationexercise.steps.RegisterUserSteps.iOpenTheURL()">
                <span>And I open the URL</span>
      <div>
      </div>
              </div>
              <div class="step pass-bg" title="com.automationexercise.steps.RegisterUserSteps.iVerifyThatHomePageVisibleSuccessfully()">
                <span>And I verify that home page visible successfully</span>
      <div>
      </div>
              </div>
              <div class="step pass-bg" title="com.automationexercise.steps.ProductsSteps.iVerifyThatCategoriesAreVisibleOnLeftSideBar()">
                <span>When I Verify that categories are visible on left side bar</span>
      <div>
      </div>
              </div>
              <div class="step pass-bg" title="com.automationexercise.steps.ProductsSteps.iClickOnWomenCategoryButton(java.lang.String)">
                <span>And I Click on 'Women' category button</span>
      <div>
      </div>
              </div>
              <div class="step pass-bg" title="com.automationexercise.steps.ProductsSteps.iClickOnCategoryButtonUnderWomenCategory(java.lang.String)">
                <span>And I Click on "Dress" category button under Women category</span>
      <div>
      </div>
              </div>
              <div class="step pass-bg" title="com.automationexercise.steps.ProductsSteps.iVerifyThatCategoryPageIsDisplayedAndConfirmTextWOMENTOPSPRODUCTS(java.lang.String)">
                <span>And I  Verify that category page is displayed and confirm text 'WOMEN - DRESS PRODUCTS'</span>
      <div>
      </div>
              </div>
              <div class="step pass-bg" title="com.automationexercise.steps.ProductsSteps.iClickOnCategory(java.lang.String)">
                <span>Then I click On "Men" Category</span>
      <div>
      </div>
              </div>
              <div class="step pass-bg" title="com.automationexercise.steps.ProductsSteps.iClickOnSubCategoryOfMan(java.lang.String)">
                <span>And I click on "Tshirts" sub-category of Man</span>
      <div>
      </div>
              </div>
              <div class="step pass-bg" title="com.automationexercise.steps.ProductsSteps.iVerifyThatUserIsNavigatedToThatCategoryPage()">
                <span>And I Verify that user is navigated to that category page</span>
      <div>
      </div>
              </div>
          </div>
        </div>
  </div>
  <div class="card">
    <div class="card-header" role="tab">
      <div class="card-title">
        <div class="node" id="163"><span class="badge log fail-bg mr-2">Fail</span>19) View & Cart Brand Products</div>
          <div class="status-avatar float-right mr-4">
            <i class="fa fa-paperclip"></i>
          </div>
      </div>
    </div>
        <div class="">
          <div class="card-body">
              <div class="step pass-bg" title="com.automationexercise.steps.RegisterUserSteps.iOpenTheURL()">
                <span>And I open the URL</span>
      <div>
      </div>
              </div>
              <div class="step pass-bg" title="com.automationexercise.steps.RegisterUserSteps.iVerifyThatHomePageVisibleSuccessfully()">
                <span>And I verify that home page visible successfully</span>
      <div>
      </div>
              </div>
              <div class="step pass-bg" title="com.automationexercise.steps.RegisterUserSteps.iClickOnButton(java.lang.String)">
                <span>When I click on "Products" button</span>
      <div>
      </div>
              </div>
              <div class="step pass-bg" title="com.automationexercise.steps.ProductsSteps.iVerifyThatBrandsAreVisibleOnLeftSideBar()">
                <span>And I verify that Brands are visible on left side bar</span>
      <div>
      </div>
              </div>
              <div class="step fail-bg" title="com.automationexercise.steps.ProductsSteps.iClickOnBrandNameButton(java.lang.String)">
                <span>And I click on "POLO" brand name button</span>
      <div>
        <textarea disabled class="code-block">org.openqa.selenium.ElementClickInterceptedException: element click intercepted: Element <a href="/brand_products/Polo">...</a> is not clickable at point (186, 521). Other element would receive the click: <iframe id="aswift_8" name="aswift_8" style="width: 100vw !important; height: 100vh !important; inset: 0px auto auto 0px !important; position: absolute !important; clear: none !important; display: inline !important; float: none !important; margin: 0px !important; max-height: none !important; max-width: none !important; opacity: 1 !important; overflow: visible !important; padding: 0px !important; vertical-align: baseline !important; visibility: visible !important; z-index: auto !important;" sandbox="allow-forms allow-popups allow-popups-to-escape-sandbox allow-same-origin allow-scripts allow-top-navigation-by-user-activation" width="" height="" frameborder="0" marginwidth="0" marginheight="0" vspace="0" hspace="0" allowtransparency="true" scrolling="no" src="https://googleads.g.doubleclick.net/pagead/html/r20231207/r20110914/zrt_lookup_fy2021.html?fsb=1#RS-0-&amp;adk=1812271808&amp;client=ca-pub-1677597403311019&amp;fa=8&amp;ifi=9&amp;uci=a!9" data-google-container-id="a!9" data-google-query-id="CPLt44mjv4MDFQxQFQgdtOsA5A" data-load-complete="true"></iframe>
  (Session info: chrome=120.0.6099.130)
Build info: version: '4.16.1', revision: '9b4c83354e'
System info: os.name: 'Windows 10', os.arch: 'amd64', os.version: '10.0', java.version: '17.0.8'
Driver info: org.openqa.selenium.chrome.ChromeDriver
Command: [f961059f541459e15394432ebd8be144, clickElement {id=C0146E313393A68D18213154C735DA5A_element_32}]
Capabilities {acceptInsecureCerts: false, browserName: chrome, browserVersion: 120.0.6099.130, chrome: {chromedriverVersion: 120.0.6099.109 (3419140ab66..., userDataDir: C:\Users\Vishal\AppData\Loc...}, fedcm:accounts: true, goog:chromeOptions: {debuggerAddress: localhost:58398}, networkConnectionEnabled: false, pageLoadStrategy: normal, platformName: windows, proxy: Proxy(), se:cdp: ws://localhost:58398/devtoo..., se:cdpVersion: 120.0.6099.130, setWindowRect: true, strictFileInteractability: false, timeouts: {implicit: 0, pageLoad: 300000, script: 30000}, unhandledPromptBehavior: dismiss and notify, webauthn:extension:credBlob: true, webauthn:extension:largeBlob: true, webauthn:extension:minPinLength: true, webauthn:extension:prf: true, webauthn:virtualAuthenticators: true}
Element: [[ChromeDriver: chrome on windows (f961059f541459e15394432ebd8be144)] -> xpath: //a[@href='/brand_products/Polo']]
Session ID: f961059f541459e15394432ebd8be144
	at java.base/jdk.internal.reflect.NativeConstructorAccessorImpl.newInstance0(Native Method)
	at java.base/jdk.internal.reflect.NativeConstructorAccessorImpl.newInstance(NativeConstructorAccessorImpl.java:77)
	at java.base/jdk.internal.reflect.DelegatingConstructorAccessorImpl.newInstance(DelegatingConstructorAccessorImpl.java:45)
	at java.base/java.lang.reflect.Constructor.newInstanceWithCaller(Constructor.java:499)
	at java.base/java.lang.reflect.Constructor.newInstance(Constructor.java:480)
	at org.openqa.selenium.remote.codec.w3c.W3CHttpResponseCodec.createException(W3CHttpResponseCodec.java:200)
	at org.openqa.selenium.remote.codec.w3c.W3CHttpResponseCodec.decode(W3CHttpResponseCodec.java:133)
	at org.openqa.selenium.remote.codec.w3c.W3CHttpResponseCodec.decode(W3CHttpResponseCodec.java:52)
	at org.openqa.selenium.remote.HttpCommandExecutor.execute(HttpCommandExecutor.java:191)
	at org.openqa.selenium.remote.service.DriverCommandExecutor.invokeExecute(DriverCommandExecutor.java:200)
	at org.openqa.selenium.remote.service.DriverCommandExecutor.execute(DriverCommandExecutor.java:175)
	at org.openqa.selenium.remote.RemoteWebDriver.execute(RemoteWebDriver.java:523)
	at org.openqa.selenium.remote.RemoteWebElement.execute(RemoteWebElement.java:224)
	at org.openqa.selenium.remote.RemoteWebElement.click(RemoteWebElement.java:77)
	at jdk.internal.reflect.GeneratedMethodAccessor101.invoke(Unknown Source)
	at java.base/jdk.internal.reflect.DelegatingMethodAccessorImpl.invoke(DelegatingMethodAccessorImpl.java:43)
	at java.base/java.lang.reflect.Method.invoke(Method.java:568)
	at org.openqa.selenium.support.pagefactory.internal.LocatingElementHandler.invoke(LocatingElementHandler.java:51)
	at jdk.proxy2/jdk.proxy2.$Proxy29.click(Unknown Source)
	at com.automationexercise.utility.Utility.clickOnElement(Utility.java:54)
	at com.automationexercise.pages.ContactusPage.clickOnHomeButton(ContactusPage.java:188)
	at com.automationexercise.steps.ProductsSteps.iClickOnBrandNameButton(ProductsSteps.java:246)
	at ✽.I click on "POLO" brand name button(file:///C:/Users/Vishal/IdeaProjects/automationexercise-cucumber/src/test/resources/features/Products.feature:298)
</textarea>
      
      </div>
              </div>
              <div class="step skip-bg" title="com.automationexercise.steps.ProductsSteps.verifyTextBRANDPOLOPRODUCTSIsDisplayed(java.lang.String)">
                <span>Then Verify text 'BRAND - POLO PRODUCTS' is displayed</span>
      <div>Step skipped
      </div>
              </div>
              <div class="step skip-bg" title="com.automationexercise.steps.ProductsSteps.onLeftSideBarIClickOnBrandLink(java.lang.String)">
                <span>Then On left side bar, I click on "H&M" brand link</span>
      <div>Step skipped
      </div>
              </div>
              <div class="step skip-bg" title="com.automationexercise.steps.ProductsSteps.verifyTextBRANDPOLOPRODUCTSIsDisplayed(java.lang.String)">
                <span>Then Verify text 'BRAND - H&M PRODUCTS' is displayed</span>
      <div>Step skipped
      </div>
              </div>
              <div class="step pass-bg" title="AFTER">
                <span>com.automationexercise.steps.Hooks.tearDown(io.cucumber.java.Scenario)</span>
      <div>19) View & Cart Brand Products
          <div class="row mb-3"><div class="col-md-3">
<img data-featherlight='../screenshots/embedded6.png' src="../screenshots/embedded6.png">
    
    </div></div>
</div>
      <div>
      </div>
              </div>
          </div>
        </div>
  </div>
  <div class="card">
    <div class="card-header" role="tab">
      <div class="card-title">
        <div class="node" id="174"><span class="badge log fail-bg mr-2">Fail</span>20) Search Products and Verify Cart After Login</div>
          <div class="status-avatar float-right mr-4">
            <i class="fa fa-paperclip"></i>
          </div>
      </div>
    </div>
        <div class="">
          <div class="card-body">
              <div class="step pass-bg" title="com.automationexercise.steps.RegisterUserSteps.iOpenTheURL()">
                <span>And I open the URL</span>
      <div>
      </div>
              </div>
              <div class="step pass-bg" title="com.automationexercise.steps.RegisterUserSteps.iVerifyThatHomePageVisibleSuccessfully()">
                <span>And I verify that home page visible successfully</span>
      <div>
      </div>
              </div>
              <div class="step pass-bg" title="com.automationexercise.steps.RegisterUserSteps.iClickOnButton(java.lang.String)">
                <span>When I click on "Products" button</span>
      <div>
      </div>
              </div>
              <div class="step pass-bg" title="com.automationexercise.steps.ProductsSteps.iVerifyUserIsNavigatedToALLPRODUCTSPageSuccessfully()">
                <span>And I verify user is navigated to ALL PRODUCTS page successfully</span>
      <div>
      </div>
              </div>
              <div class="step pass-bg" title="com.automationexercise.steps.ProductsSteps.iEnterProductNameInSearchInput()">
                <span>And I enter product name in search input</span>
      <div>
      </div>
              </div>
              <div class="step pass-bg" title="com.automationexercise.steps.ProductsSteps.iClickSearchButton()">
                <span>And I click search button</span>
      <div>
      </div>
              </div>
              <div class="step pass-bg" title="com.automationexercise.steps.ProductsSteps.iVerifySearchedProductsIsVisible()">
                <span>And I verify Searched Products is visible</span>
      <div>
      </div>
              </div>
              <div class="step pass-bg" title="com.automationexercise.steps.ProductsSteps.iVerifyAllTheProductsRelatedToSearchAreVisible()">
                <span>And I verify all the products related to search are visible</span>
      <div>
      </div>
              </div>
              <div class="step fail-bg" title="com.automationexercise.steps.ProductsSteps.enterProductNamesInSearchInputAndClickSearchAndAddProductToCart(io.cucumber.datatable.DataTable)">
                <span>And Enter product names in search input and click search and add product to cart</span>
      <div><table class='markup-table table '><tr><td>product</td></tr><tr><td>Blue Top</td></tr><tr><td>Sleeveless Dress</td></tr><tr><td>Frozen Tops For Kids</td></tr><tr><td>Premium Polo T-Shirts</td></tr></table>
      </div>
      <div>
        <textarea disabled class="code-block">org.openqa.selenium.ElementNotInteractableException: element not interactable
  (Session info: chrome=120.0.6099.130)
Build info: version: '4.16.1', revision: '9b4c83354e'
System info: os.name: 'Windows 10', os.arch: 'amd64', os.version: '10.0', java.version: '17.0.8'
Driver info: org.openqa.selenium.chrome.ChromeDriver
Command: [f65f6381af3b08fef92dc4c85031b2a4, clickElement {id=9B4F7F75EFB99B478D28132F0B376AC0_element_76}]
Capabilities {acceptInsecureCerts: false, browserName: chrome, browserVersion: 120.0.6099.130, chrome: {chromedriverVersion: 120.0.6099.109 (3419140ab66..., userDataDir: C:\Users\Vishal\AppData\Loc...}, fedcm:accounts: true, goog:chromeOptions: {debuggerAddress: localhost:58434}, networkConnectionEnabled: false, pageLoadStrategy: normal, platformName: windows, proxy: Proxy(), se:cdp: ws://localhost:58434/devtoo..., se:cdpVersion: 120.0.6099.130, setWindowRect: true, strictFileInteractability: false, timeouts: {implicit: 0, pageLoad: 300000, script: 30000}, unhandledPromptBehavior: dismiss and notify, webauthn:extension:credBlob: true, webauthn:extension:largeBlob: true, webauthn:extension:minPinLength: true, webauthn:extension:prf: true, webauthn:virtualAuthenticators: true}
Element: [[ChromeDriver: chrome on windows (f65f6381af3b08fef92dc4c85031b2a4)] -> xpath: //div[@class='modal-content']//div//button]
Session ID: f65f6381af3b08fef92dc4c85031b2a4
	at java.base/jdk.internal.reflect.NativeConstructorAccessorImpl.newInstance0(Native Method)
	at java.base/jdk.internal.reflect.NativeConstructorAccessorImpl.newInstance(NativeConstructorAccessorImpl.java:77)
	at java.base/jdk.internal.reflect.DelegatingConstructorAccessorImpl.newInstance(DelegatingConstructorAccessorImpl.java:45)
	at java.base/java.lang.reflect.Constructor.newInstanceWithCaller(Constructor.java:499)
	at java.base/java.lang.reflect.Constructor.newInstance(Constructor.java:480)
	at org.openqa.selenium.remote.codec.w3c.W3CHttpResponseCodec.createException(W3CHttpResponseCodec.java:200)
	at org.openqa.selenium.remote.codec.w3c.W3CHttpResponseCodec.decode(W3CHttpResponseCodec.java:133)
	at org.openqa.selenium.remote.codec.w3c.W3CHttpResponseCodec.decode(W3CHttpResponseCodec.java:52)
	at org.openqa.selenium.remote.HttpCommandExecutor.execute(HttpCommandExecutor.java:191)
	at org.openqa.selenium.remote.service.DriverCommandExecutor.invokeExecute(DriverCommandExecutor.java:200)
	at org.openqa.selenium.remote.service.DriverCommandExecutor.execute(DriverCommandExecutor.java:175)
	at org.openqa.selenium.remote.RemoteWebDriver.execute(RemoteWebDriver.java:523)
	at org.openqa.selenium.remote.RemoteWebElement.execute(RemoteWebElement.java:224)
	at org.openqa.selenium.remote.RemoteWebElement.click(RemoteWebElement.java:77)
	at jdk.internal.reflect.GeneratedMethodAccessor101.invoke(Unknown Source)
	at java.base/jdk.internal.reflect.DelegatingMethodAccessorImpl.invoke(DelegatingMethodAccessorImpl.java:43)
	at java.base/java.lang.reflect.Method.invoke(Method.java:568)
	at org.openqa.selenium.support.pagefactory.internal.LocatingElementHandler.invoke(LocatingElementHandler.java:51)
	at jdk.proxy2/jdk.proxy2.$Proxy29.click(Unknown Source)
	at com.automationexercise.utility.Utility.clickOnElement(Utility.java:54)
	at com.automationexercise.pages.AllProductsPage.clickOnContinueAfterAddToCart(AllProductsPage.java:200)
	at com.automationexercise.steps.ProductsSteps.enterProductNamesInSearchInputAndClickSearchAndAddProductToCart(ProductsSteps.java:261)
	at ✽.Enter product names in search input and click search and add product to cart(file:///C:/Users/Vishal/IdeaProjects/automationexercise-cucumber/src/test/resources/features/Products.feature:324)
</textarea>
      
      </div>
              </div>
              <div class="step skip-bg" title="com.automationexercise.steps.RegisterUserSteps.iClickHomeButton(java.lang.String)">
                <span>And I Click 'Cart' button</span>
      <div>Step skipped
      </div>
              </div>
              <div class="step skip-bg" title="com.automationexercise.steps.ProductsSteps.iVerifyThatProductsAreVisibleInCart()">
                <span>Then I Verify that products are visible in cart</span>
      <div>Step skipped
      </div>
              </div>
              <div class="step skip-bg" title="com.automationexercise.steps.RegisterUserSteps.iClickHomeButton(java.lang.String)">
                <span>When I Click 'Signup / Login' button</span>
      <div>Step skipped
      </div>
              </div>
              <div class="step skip-bg" title="com.automationexercise.steps.RegisterUserSteps.iEnterCorrectEmailAddressAndPassword(java.lang.String,java.lang.String)">
                <span>And I enter Correct Email "vive@gmail.com" address and Password "Password123@"</span>
      <div>Step skipped
      </div>
              </div>
              <div class="step skip-bg" title="com.automationexercise.steps.RegisterUserSteps.iClickOnLoginButton()">
                <span>And I click on login button</span>
      <div>Step skipped
      </div>
              </div>
              <div class="step skip-bg" title="com.automationexercise.steps.RegisterUserSteps.iClickHomeButton(java.lang.String)">
                <span>And I Click 'Cart' button</span>
      <div>Step skipped
      </div>
              </div>
              <div class="step skip-bg" title="com.automationexercise.steps.ProductsSteps.iVerifyThatThoseProductsAreVisibleInCartAfterLoginAsWell(io.cucumber.datatable.DataTable)">
                <span>And I Verify that those products are visible in cart after login as well</span>
      <div><table class='markup-table table '><tr><td>product</td></tr><tr><td>Blue Top</td></tr><tr><td>Sleeveless Dress</td></tr><tr><td>Frozen Tops For Kids</td></tr><tr><td>Premium Polo T-Shirts</td></tr></table>
      </div>
      <div>Step skipped
      </div>
              </div>
              <div class="step pass-bg" title="AFTER">
                <span>com.automationexercise.steps.Hooks.tearDown(io.cucumber.java.Scenario)</span>
      <div>20) Search Products and Verify Cart After Login
          <div class="row mb-3"><div class="col-md-3">
<img data-featherlight='../screenshots/embedded7.png' src="../screenshots/embedded7.png">
    
    </div></div>
</div>
      <div>
      </div>
              </div>
          </div>
        </div>
  </div>
  <div class="card">
    <div class="card-header" role="tab">
      <div class="card-title">
        <div class="node" id="193"><span class="badge log fail-bg mr-2">Fail</span>21) Add review on product</div>
          <div class="status-avatar float-right mr-4">
            <i class="fa fa-paperclip"></i>
          </div>
      </div>
    </div>
        <div class="">
          <div class="card-body">
              <div class="step pass-bg" title="com.automationexercise.steps.RegisterUserSteps.iOpenTheURL()">
                <span>And I open the URL</span>
      <div>
      </div>
              </div>
              <div class="step pass-bg" title="com.automationexercise.steps.RegisterUserSteps.iVerifyThatHomePageVisibleSuccessfully()">
                <span>And I verify that home page visible successfully</span>
      <div>
      </div>
              </div>
              <div class="step pass-bg" title="com.automationexercise.steps.RegisterUserSteps.iClickOnButton(java.lang.String)">
                <span>When I click on "Products" button</span>
      <div>
      </div>
              </div>
              <div class="step pass-bg" title="com.automationexercise.steps.ProductsSteps.iVerifyUserIsNavigatedToALLPRODUCTSPageSuccessfully()">
                <span>And I verify user is navigated to ALL PRODUCTS page successfully</span>
      <div>
      </div>
              </div>
              <div class="step fail-bg" title="com.automationexercise.steps.ProductsSteps.iClickOnViewProductOfFirstProduct(java.lang.String)">
                <span>And I Click on 'View Product' of first product</span>
      <div>
        <textarea disabled class="code-block">org.openqa.selenium.ElementClickInterceptedException: element click intercepted: Element <a href="/product_details/1" style="color: brown;">...</a> is not clickable at point (441, 516). Other element would receive the click: <iframe id="aswift_8" name="aswift_8" style="width: 100vw !important; height: 100vh !important; inset: 0px auto auto 0px !important; position: absolute !important; clear: none !important; display: inline !important; float: none !important; margin: 0px !important; max-height: none !important; max-width: none !important; opacity: 1 !important; overflow: visible !important; padding: 0px !important; vertical-align: baseline !important; visibility: visible !important; z-index: auto !important;" sandbox="allow-forms allow-popups allow-popups-to-escape-sandbox allow-same-origin allow-scripts allow-top-navigation-by-user-activation" width="" height="" frameborder="0" marginwidth="0" marginheight="0" vspace="0" hspace="0" allowtransparency="true" scrolling="no" src="https://googleads.g.doubleclick.net/pagead/html/r20231207/r20110914/zrt_lookup_fy2021.html?fsb=1#RS-0-&amp;adk=1812271808&amp;client=ca-pub-1677597403311019&amp;fa=8&amp;ifi=9&amp;uci=a!9" data-google-container-id="a!9" data-google-query-id="CNGW5a-jv4MDFWBtFQgdOPkCpw" data-load-complete="true"></iframe>
  (Session info: chrome=120.0.6099.130)
Build info: version: '4.16.1', revision: '9b4c83354e'
System info: os.name: 'Windows 10', os.arch: 'amd64', os.version: '10.0', java.version: '17.0.8'
Driver info: org.openqa.selenium.chrome.ChromeDriver
Command: [ed887e323d90054c7b9717993de94841, clickElement {id=5B6DC3DDADABC20B3056A4C0BF22D417_element_31}]
Capabilities {acceptInsecureCerts: false, browserName: chrome, browserVersion: 120.0.6099.130, chrome: {chromedriverVersion: 120.0.6099.109 (3419140ab66..., userDataDir: C:\Users\Vishal\AppData\Loc...}, fedcm:accounts: true, goog:chromeOptions: {debuggerAddress: localhost:58493}, networkConnectionEnabled: false, pageLoadStrategy: normal, platformName: windows, proxy: Proxy(), se:cdp: ws://localhost:58493/devtoo..., se:cdpVersion: 120.0.6099.130, setWindowRect: true, strictFileInteractability: false, timeouts: {implicit: 0, pageLoad: 300000, script: 30000}, unhandledPromptBehavior: dismiss and notify, webauthn:extension:credBlob: true, webauthn:extension:largeBlob: true, webauthn:extension:minPinLength: true, webauthn:extension:prf: true, webauthn:virtualAuthenticators: true}
Element: [[ChromeDriver: chrome on windows (ed887e323d90054c7b9717993de94841)] -> css selector: a[href='/product_details/1']]
Session ID: ed887e323d90054c7b9717993de94841
	at java.base/jdk.internal.reflect.NativeConstructorAccessorImpl.newInstance0(Native Method)
	at java.base/jdk.internal.reflect.NativeConstructorAccessorImpl.newInstance(NativeConstructorAccessorImpl.java:77)
	at java.base/jdk.internal.reflect.DelegatingConstructorAccessorImpl.newInstance(DelegatingConstructorAccessorImpl.java:45)
	at java.base/java.lang.reflect.Constructor.newInstanceWithCaller(Constructor.java:499)
	at java.base/java.lang.reflect.Constructor.newInstance(Constructor.java:480)
	at org.openqa.selenium.remote.codec.w3c.W3CHttpResponseCodec.createException(W3CHttpResponseCodec.java:200)
	at org.openqa.selenium.remote.codec.w3c.W3CHttpResponseCodec.decode(W3CHttpResponseCodec.java:133)
	at org.openqa.selenium.remote.codec.w3c.W3CHttpResponseCodec.decode(W3CHttpResponseCodec.java:52)
	at org.openqa.selenium.remote.HttpCommandExecutor.execute(HttpCommandExecutor.java:191)
	at org.openqa.selenium.remote.service.DriverCommandExecutor.invokeExecute(DriverCommandExecutor.java:200)
	at org.openqa.selenium.remote.service.DriverCommandExecutor.execute(DriverCommandExecutor.java:175)
	at org.openqa.selenium.remote.RemoteWebDriver.execute(RemoteWebDriver.java:523)
	at org.openqa.selenium.remote.RemoteWebElement.execute(RemoteWebElement.java:224)
	at org.openqa.selenium.remote.RemoteWebElement.click(RemoteWebElement.java:77)
	at jdk.internal.reflect.GeneratedMethodAccessor101.invoke(Unknown Source)
	at java.base/jdk.internal.reflect.DelegatingMethodAccessorImpl.invoke(DelegatingMethodAccessorImpl.java:43)
	at java.base/java.lang.reflect.Method.invoke(Method.java:568)
	at org.openqa.selenium.support.pagefactory.internal.LocatingElementHandler.invoke(LocatingElementHandler.java:51)
	at jdk.proxy2/jdk.proxy2.$Proxy29.click(Unknown Source)
	at com.automationexercise.utility.Utility.clickOnElement(Utility.java:54)
	at com.automationexercise.pages.AllProductsPage.clickOnFirstProduct(AllProductsPage.java:124)
	at com.automationexercise.steps.ProductsSteps.iClickOnViewProductOfFirstProduct(ProductsSteps.java:28)
	at ✽.I Click on 'View Product' of first product(file:///C:/Users/Vishal/IdeaProjects/automationexercise-cucumber/src/test/resources/features/Products.feature:358)
</textarea>
      
      </div>
              </div>
              <div class="step skip-bg" title="com.automationexercise.steps.RegisterUserSteps.iVerifyGETINTOUCHIsVisible(java.lang.String)">
                <span>And I Verify 'Write Your Review' is visible</span>
      <div>Step skipped
      </div>
              </div>
              <div class="step skip-bg" title="com.automationexercise.steps.ProductsSteps.iEnterAnd(java.lang.String,java.lang.String,java.lang.String)">
                <span>And I Enter "name", "email" and "review"</span>
      <div>Step skipped
      </div>
              </div>
              <div class="step skip-bg" title="com.automationexercise.steps.RegisterUserSteps.iClickHomeButton(java.lang.String)">
                <span>Then I Click 'Submit' button</span>
      <div>Step skipped
      </div>
              </div>
              <div class="step skip-bg" title="com.automationexercise.steps.ProductsSteps.iVerifySuccessMessage(java.lang.String)">
                <span>And I Verify success message 'Thank you for your review.'</span>
      <div>Step skipped
      </div>
              </div>
              <div class="step pass-bg" title="AFTER">
                <span>com.automationexercise.steps.Hooks.tearDown(io.cucumber.java.Scenario)</span>
      <div>21) Add review on product
          <div class="row mb-3"><div class="col-md-3">
<img data-featherlight='../screenshots/embedded8.png' src="../screenshots/embedded8.png">
    
    </div></div>
</div>
      <div>
      </div>
              </div>
          </div>
        </div>
  </div>
  <div class="card">
    <div class="card-header" role="tab">
      <div class="card-title">
        <div class="node" id="205"><span class="badge log fail-bg mr-2">Fail</span>22) Add to cart from Recommended items</div>
          <div class="status-avatar float-right mr-4">
            <i class="fa fa-paperclip"></i>
          </div>
      </div>
    </div>
        <div class="">
          <div class="card-body">
              <div class="step pass-bg" title="com.automationexercise.steps.RegisterUserSteps.iOpenTheURL()">
                <span>And I open the URL</span>
      <div>
      </div>
              </div>
              <div class="step pass-bg" title="com.automationexercise.steps.RegisterUserSteps.iVerifyThatHomePageVisibleSuccessfully()">
                <span>And I verify that home page visible successfully</span>
      <div>
      </div>
              </div>
              <div class="step pass-bg" title="com.automationexercise.steps.ProductsSteps.iScrollDownToFooter()">
                <span>When I scroll down to footer</span>
      <div>
      </div>
              </div>
              <div class="step fail-bg" title="com.automationexercise.steps.ProductsSteps.iVerifyRECOMMENDEDITEMSAreVisible()">
                <span>And I Verify 'RECOMMENDED ITEMS' are visible</span>
      <div>
        <textarea disabled class="code-block">io.cucumber.core.exception.CucumberException: Step [I Verify {string} are visible] is defined with 0 parameters at 'com.automationexercise.steps.ProductsSteps.iVerifyRECOMMENDEDITEMSAreVisible()'.
However, the gherkin step has 1 arguments:
 * 'RECOMMENDED ITEMS'
Step text: I Verify 'RECOMMENDED ITEMS' are visible
	at io.cucumber.core.runner.PickleStepDefinitionMatch.arityMismatch(PickleStepDefinitionMatch.java:83)
	at io.cucumber.core.runner.PickleStepDefinitionMatch.runStep(PickleStepDefinitionMatch.java:42)
	at io.cucumber.core.runner.ExecutionMode$1.execute(ExecutionMode.java:10)
	at io.cucumber.core.runner.TestStep.executeStep(TestStep.java:84)
	at io.cucumber.core.runner.TestStep.run(TestStep.java:56)
	at io.cucumber.core.runner.PickleStepTestStep.run(PickleStepTestStep.java:51)
	at io.cucumber.core.runner.TestCase.run(TestCase.java:84)
	at io.cucumber.core.runner.Runner.runPickle(Runner.java:75)
	at io.cucumber.testng.TestNGCucumberRunner.lambda$runScenario$1(TestNGCucumberRunner.java:132)
	at io.cucumber.core.runtime.CucumberExecutionContext.lambda$runTestCase$5(CucumberExecutionContext.java:137)
	at io.cucumber.core.runtime.RethrowingThrowableCollector.executeAndThrow(RethrowingThrowableCollector.java:23)
	at io.cucumber.core.runtime.CucumberExecutionContext.runTestCase(CucumberExecutionContext.java:137)
	at io.cucumber.testng.TestNGCucumberRunner.runScenario(TestNGCucumberRunner.java:129)
	at io.cucumber.testng.AbstractTestNGCucumberTests.runScenario(AbstractTestNGCucumberTests.java:35)
	at java.base/jdk.internal.reflect.NativeMethodAccessorImpl.invoke0(Native Method)
	at java.base/jdk.internal.reflect.NativeMethodAccessorImpl.invoke(NativeMethodAccessorImpl.java:77)
	at java.base/jdk.internal.reflect.DelegatingMethodAccessorImpl.invoke(DelegatingMethodAccessorImpl.java:43)
	at java.base/java.lang.reflect.Method.invoke(Method.java:568)
	at org.testng.internal.invokers.MethodInvocationHelper.invokeMethod(MethodInvocationHelper.java:139)
	at org.testng.internal.invokers.TestInvoker.invokeMethod(TestInvoker.java:664)
	at org.testng.internal.invokers.TestInvoker.invokeTestMethod(TestInvoker.java:227)
	at org.testng.internal.invokers.MethodRunner.runInSequence(MethodRunner.java:50)
	at org.testng.internal.invokers.TestInvoker$MethodInvocationAgent.invoke(TestInvoker.java:957)
	at org.testng.internal.invokers.TestInvoker.invokeTestMethods(TestInvoker.java:200)
	at org.testng.internal.invokers.TestMethodWorker.invokeTestMethods(TestMethodWorker.java:148)
	at org.testng.internal.invokers.TestMethodWorker.run(TestMethodWorker.java:128)
	at java.base/java.util.ArrayList.forEach(ArrayList.java:1511)
	at org.testng.TestRunner.privateRun(TestRunner.java:848)
	at org.testng.TestRunner.run(TestRunner.java:621)
	at org.testng.SuiteRunner.runTest(SuiteRunner.java:443)
	at org.testng.SuiteRunner.runSequentially(SuiteRunner.java:437)
	at org.testng.SuiteRunner.privateRun(SuiteRunner.java:397)
	at org.testng.SuiteRunner.run(SuiteRunner.java:336)
	at org.testng.SuiteRunnerWorker.runSuite(SuiteRunnerWorker.java:52)
	at org.testng.SuiteRunnerWorker.run(SuiteRunnerWorker.java:95)
	at org.testng.TestNG.runSuitesSequentially(TestNG.java:1280)
	at org.testng.TestNG.runSuitesLocally(TestNG.java:1200)
	at org.testng.TestNG.runSuites(TestNG.java:1114)
	at org.testng.TestNG.run(TestNG.java:1082)
	at com.intellij.rt.testng.IDEARemoteTestNG.run(IDEARemoteTestNG.java:66)
	at com.intellij.rt.testng.RemoteTestNGStarter.main(RemoteTestNGStarter.java:105)
</textarea>
      
      </div>
              </div>
              <div class="step skip-bg" title="com.automationexercise.steps.ProductsSteps.iClickOnAddToCartOnRecommendedProduct()">
                <span>And I Click on 'Add To Cart' on Recommended product</span>
      <div>Step skipped
      </div>
              </div>
              <div class="step skip-bg" title="com.automationexercise.steps.ProductsSteps.iClickOnViewCartButton()">
                <span>Then I Click on 'View Cart' button</span>
      <div>Step skipped
      </div>
              </div>
              <div class="step skip-bg" title="com.automationexercise.steps.ProductsSteps.iVerifyThatProductIsDisplayedInCartPage()">
                <span>And I Verify that product is displayed in cart page</span>
      <div>Step skipped
      </div>
              </div>
              <div class="step pass-bg" title="AFTER">
                <span>com.automationexercise.steps.Hooks.tearDown(io.cucumber.java.Scenario)</span>
      <div>22) Add to cart from Recommended items
          <div class="row mb-3"><div class="col-md-3">
<img data-featherlight='../screenshots/embedded9.png' src="../screenshots/embedded9.png">
    
    </div></div>
</div>
      <div>
      </div>
              </div>
          </div>
        </div>
  </div>
  <div class="card">
    <div class="card-header" role="tab">
      <div class="card-title">
        <div class="node" id="215"><span class="badge log fail-bg mr-2">Fail</span>23) Verify address details in checkout page</div>
          <div class="status-avatar float-right mr-4">
            <i class="fa fa-paperclip"></i>
          </div>
      </div>
    </div>
        <div class="">
          <div class="card-body">
              <div class="step pass-bg" title="com.automationexercise.steps.RegisterUserSteps.iOpenTheURL()">
                <span>And I open the URL</span>
      <div>
      </div>
              </div>
              <div class="step pass-bg" title="com.automationexercise.steps.RegisterUserSteps.iVerifyThatHomePageVisibleSuccessfully()">
                <span>And I verify that home page visible successfully</span>
      <div>
      </div>
              </div>
              <div class="step pass-bg" title="com.automationexercise.steps.RegisterUserSteps.iClickOnButton(java.lang.String)">
                <span>When I click on "Signup / Login" button</span>
      <div>
      </div>
              </div>
              <div class="step pass-bg" title="com.automationexercise.steps.RegisterUserSteps.iVerifyIsVisible(java.lang.String)">
                <span>And I verify "New User Signup!" is visible</span>
      <div>
      </div>
              </div>
              <div class="step pass-bg" title="com.automationexercise.steps.RegisterUserSteps.iEnterNameAndEmailAddress(java.lang.String,java.lang.String)">
                <span>And I Enter name "Vivek" and email"vivek@gmail.com" address</span>
      <div>
      </div>
              </div>
              <div class="step pass-bg" title="com.automationexercise.steps.RegisterUserSteps.iClickSignupButton()">
                <span>And I Click Signup button</span>
      <div>
      </div>
              </div>
              <div class="step fail-bg" title="com.automationexercise.steps.RegisterUserSteps.iFillDetailsTitleNameEmailPasswordDateOfBirthDayMonthYear(java.lang.String,java.lang.String,java.lang.String,java.lang.String,java.lang.String)">
                <span>And I Fill details: Title "Mr", Name , Email, Password "Password123", Date of birth Day "1" Month "January" Year "1987"</span>
      <div>
        <textarea disabled class="code-block">org.openqa.selenium.NoSuchElementException: no such element: Unable to locate element: {"method":"css selector","selector":"#id_gender1"}
  (Session info: chrome=120.0.6099.130)
For documentation on this error, please visit: https://www.selenium.dev/documentation/webdriver/troubleshooting/errors#no-such-element-exception
Build info: version: '4.16.1', revision: '9b4c83354e'
System info: os.name: 'Windows 10', os.arch: 'amd64', os.version: '10.0', java.version: '17.0.8'
Driver info: org.openqa.selenium.chrome.ChromeDriver
Command: [1e3f369dbe87fab34e0ab2ad0056dfca, findElement {using=id, value=id_gender1}]
Capabilities {acceptInsecureCerts: false, browserName: chrome, browserVersion: 120.0.6099.130, chrome: {chromedriverVersion: 120.0.6099.109 (3419140ab66..., userDataDir: C:\Users\Vishal\AppData\Loc...}, fedcm:accounts: true, goog:chromeOptions: {debuggerAddress: localhost:58564}, networkConnectionEnabled: false, pageLoadStrategy: normal, platformName: windows, proxy: Proxy(), se:cdp: ws://localhost:58564/devtoo..., se:cdpVersion: 120.0.6099.130, setWindowRect: true, strictFileInteractability: false, timeouts: {implicit: 0, pageLoad: 300000, script: 30000}, unhandledPromptBehavior: dismiss and notify, webauthn:extension:credBlob: true, webauthn:extension:largeBlob: true, webauthn:extension:minPinLength: true, webauthn:extension:prf: true, webauthn:virtualAuthenticators: true}
Session ID: 1e3f369dbe87fab34e0ab2ad0056dfca
	at java.base/jdk.internal.reflect.NativeConstructorAccessorImpl.newInstance0(Native Method)
	at java.base/jdk.internal.reflect.NativeConstructorAccessorImpl.newInstance(NativeConstructorAccessorImpl.java:77)
	at java.base/jdk.internal.reflect.DelegatingConstructorAccessorImpl.newInstance(DelegatingConstructorAccessorImpl.java:45)
	at java.base/java.lang.reflect.Constructor.newInstanceWithCaller(Constructor.java:499)
	at java.base/java.lang.reflect.Constructor.newInstance(Constructor.java:480)
	at org.openqa.selenium.remote.codec.w3c.W3CHttpResponseCodec.createException(W3CHttpResponseCodec.java:200)
	at org.openqa.selenium.remote.codec.w3c.W3CHttpResponseCodec.decode(W3CHttpResponseCodec.java:133)
	at org.openqa.selenium.remote.codec.w3c.W3CHttpResponseCodec.decode(W3CHttpResponseCodec.java:52)
	at org.openqa.selenium.remote.HttpCommandExecutor.execute(HttpCommandExecutor.java:191)
	at org.openqa.selenium.remote.service.DriverCommandExecutor.invokeExecute(DriverCommandExecutor.java:200)
	at org.openqa.selenium.remote.service.DriverCommandExecutor.execute(DriverCommandExecutor.java:175)
	at org.openqa.selenium.remote.RemoteWebDriver.execute(RemoteWebDriver.java:523)
	at org.openqa.selenium.remote.ElementLocation$ElementFinder$2.findElement(ElementLocation.java:165)
	at org.openqa.selenium.remote.ElementLocation.findElement(ElementLocation.java:59)
	at org.openqa.selenium.remote.RemoteWebDriver.findElement(RemoteWebDriver.java:360)
	at org.openqa.selenium.remote.RemoteWebDriver.findElement(RemoteWebDriver.java:354)
	at org.openqa.selenium.support.pagefactory.DefaultElementLocator.findElement(DefaultElementLocator.java:68)
	at org.openqa.selenium.support.pagefactory.internal.LocatingElementHandler.invoke(LocatingElementHandler.java:38)
	at jdk.proxy2/jdk.proxy2.$Proxy29.click(Unknown Source)
	at com.automationexercise.utility.Utility.clickOnElement(Utility.java:54)
	at com.automationexercise.pages.AccountInformationPage.selectingMrTitle(AccountInformationPage.java:90)
	at com.automationexercise.steps.RegisterUserSteps.iFillDetailsTitleNameEmailPasswordDateOfBirthDayMonthYear(RegisterUserSteps.java:48)
	at ✽.I Fill details: Title "Mr", Name , Email, Password "Password123", Date of birth Day "1" Month "January" Year "1987"(file:///C:/Users/Vishal/IdeaProjects/automationexercise-cucumber/src/test/resources/features/Products.feature:403)
</textarea>
      
      </div>
              </div>
              <div class="step skip-bg" title="com.automationexercise.steps.RegisterUserSteps.iFillDetailsFirstNameLastNameCompanyAddressAddressCountryStateCityZipcodeMobileNumber(int)">
                <span>And I  Fill details: First name, Last name, Company, Address, Address2, Country, State, City, Zipcode, Mobile Number</span>
      <div>Step skipped
      </div>
              </div>
              <div class="step skip-bg" title="com.automationexercise.steps.RegisterUserSteps.iClickCreateAccountButton()">
                <span>And I  Click Create Account button</span>
      <div>Step skipped
      </div>
              </div>
              <div class="step skip-bg" title="com.automationexercise.steps.RegisterUserSteps.iVerifyThatACCOUNTCREATEDIsVisible()">
                <span>And I Verify that ACCOUNT CREATED! is visible</span>
      <div>Step skipped
      </div>
              </div>
              <div class="step skip-bg" title="com.automationexercise.steps.RegisterUserSteps.iClickContinueButton()">
                <span>And I Click Continue button</span>
      <div>Step skipped
      </div>
              </div>
              <div class="step skip-bg" title="com.automationexercise.steps.RegisterUserSteps.iVerifyThatLoggedInAsUsernameIsVisible()">
                <span>And I Verify that Logged in as username is visible</span>
      <div>Step skipped
      </div>
              </div>
              <div class="step skip-bg" title="com.automationexercise.steps.ProductsSteps.iHoverOverFirstProductAndClickAddToCart(java.lang.String)">
                <span>And I Hover over first product and click 'Add to cart'</span>
      <div>Step skipped
      </div>
              </div>
              <div class="step skip-bg" title="com.automationexercise.steps.RegisterUserSteps.iClickHomeButton(java.lang.String)">
                <span>And I Click 'Cart' button</span>
      <div>Step skipped
      </div>
              </div>
              <div class="step skip-bg" title="com.automationexercise.steps.ProductsSteps.iVerifyThatCartPageIsDisplayed()">
                <span>And I Verify that cart page is displayed</span>
      <div>Step skipped
      </div>
              </div>
              <div class="step skip-bg" title="com.automationexercise.steps.ProductsSteps.verifyThatTheDeliveryAddressIsSameAddressFilledAtTheTimeRegistrationOfAccount()">
                <span>And Verify that the delivery address is same address filled at the time registration of account</span>
      <div>Step skipped
      </div>
              </div>
              <div class="step skip-bg" title="com.automationexercise.steps.RegisterUserSteps.iClickDeleteAccountButton()">
                <span>Then I Click Delete Account button</span>
      <div>Step skipped
      </div>
              </div>
              <div class="step skip-bg" title="com.automationexercise.steps.RegisterUserSteps.iVerifyThatACCOUNTDELETEDIsVisibleAndClickContinueButton()">
                <span>And I Verify that ACCOUNT DELETED! is visible and click Continue button</span>
      <div>Step skipped
      </div>
              </div>
              <div class="step pass-bg" title="AFTER">
                <span>com.automationexercise.steps.Hooks.tearDown(io.cucumber.java.Scenario)</span>
      <div>23) Verify address details in checkout page
          <div class="row mb-3"><div class="col-md-3">
<img data-featherlight='../screenshots/embedded10.png' src="../screenshots/embedded10.png">
    
    </div></div>
</div>
      <div>
      </div>
              </div>
          </div>
        </div>
  </div>
  <div class="card">
    <div class="card-header" role="tab">
      <div class="card-title">
        <div class="node" id="236"><span class="badge log fail-bg mr-2">Fail</span>24)  Download Invoice after purchase order</div>
          <div class="status-avatar float-right mr-4">
            <i class="fa fa-paperclip"></i>
          </div>
      </div>
    </div>
        <div class="">
          <div class="card-body">
              <div class="step pass-bg" title="com.automationexercise.steps.RegisterUserSteps.iOpenTheURL()">
                <span>And I open the URL</span>
      <div>
      </div>
              </div>
              <div class="step pass-bg" title="com.automationexercise.steps.RegisterUserSteps.iVerifyThatHomePageVisibleSuccessfully()">
                <span>And I verify that home page visible successfully</span>
      <div>
      </div>
              </div>
              <div class="step pass-bg" title="com.automationexercise.steps.ProductsSteps.iHoverOverFirstProductAndClickAddToCart(java.lang.String)">
                <span>When I Hover over first product and click 'Add to cart'</span>
      <div>
      </div>
              </div>
              <div class="step pass-bg" title="com.automationexercise.steps.RegisterUserSteps.iClickHomeButton(java.lang.String)">
                <span>And I Click 'Cart' button</span>
      <div>
      </div>
              </div>
              <div class="step pass-bg" title="com.automationexercise.steps.ProductsSteps.iVerifyThatCartPageIsDisplayed()">
                <span>And I Verify that cart page is displayed</span>
      <div>
      </div>
              </div>
              <div class="step fail-bg" title="com.automationexercise.steps.ProductsSteps.iClickProceedToCheckout()">
                <span>And I Click Proceed To Checkout</span>
      <div>
        <textarea disabled class="code-block">org.openqa.selenium.NoSuchElementException: no such element: Unable to locate element: {"method":"xpath","selector":"//a[contains(text(),'Proceed To Checkout')]"}
  (Session info: chrome=120.0.6099.130)
For documentation on this error, please visit: https://www.selenium.dev/documentation/webdriver/troubleshooting/errors#no-such-element-exception
Build info: version: '4.16.1', revision: '9b4c83354e'
System info: os.name: 'Windows 10', os.arch: 'amd64', os.version: '10.0', java.version: '17.0.8'
Driver info: org.openqa.selenium.chrome.ChromeDriver
Command: [6ba401579259b8e1f7d9b4b3a5a720f7, findElement {using=xpath, value=//a[contains(text(),'Proceed To Checkout')]}]
Capabilities {acceptInsecureCerts: false, browserName: chrome, browserVersion: 120.0.6099.130, chrome: {chromedriverVersion: 120.0.6099.109 (3419140ab66..., userDataDir: C:\Users\Vishal\AppData\Loc...}, fedcm:accounts: true, goog:chromeOptions: {debuggerAddress: localhost:58621}, networkConnectionEnabled: false, pageLoadStrategy: normal, platformName: windows, proxy: Proxy(), se:cdp: ws://localhost:58621/devtoo..., se:cdpVersion: 120.0.6099.130, setWindowRect: true, strictFileInteractability: false, timeouts: {implicit: 0, pageLoad: 300000, script: 30000}, unhandledPromptBehavior: dismiss and notify, webauthn:extension:credBlob: true, webauthn:extension:largeBlob: true, webauthn:extension:minPinLength: true, webauthn:extension:prf: true, webauthn:virtualAuthenticators: true}
Session ID: 6ba401579259b8e1f7d9b4b3a5a720f7
	at java.base/jdk.internal.reflect.NativeConstructorAccessorImpl.newInstance0(Native Method)
	at java.base/jdk.internal.reflect.NativeConstructorAccessorImpl.newInstance(NativeConstructorAccessorImpl.java:77)
	at java.base/jdk.internal.reflect.DelegatingConstructorAccessorImpl.newInstance(DelegatingConstructorAccessorImpl.java:45)
	at java.base/java.lang.reflect.Constructor.newInstanceWithCaller(Constructor.java:499)
	at java.base/java.lang.reflect.Constructor.newInstance(Constructor.java:480)
	at org.openqa.selenium.remote.codec.w3c.W3CHttpResponseCodec.createException(W3CHttpResponseCodec.java:200)
	at org.openqa.selenium.remote.codec.w3c.W3CHttpResponseCodec.decode(W3CHttpResponseCodec.java:133)
	at org.openqa.selenium.remote.codec.w3c.W3CHttpResponseCodec.decode(W3CHttpResponseCodec.java:52)
	at org.openqa.selenium.remote.HttpCommandExecutor.execute(HttpCommandExecutor.java:191)
	at org.openqa.selenium.remote.service.DriverCommandExecutor.invokeExecute(DriverCommandExecutor.java:200)
	at org.openqa.selenium.remote.service.DriverCommandExecutor.execute(DriverCommandExecutor.java:175)
	at org.openqa.selenium.remote.RemoteWebDriver.execute(RemoteWebDriver.java:523)
	at org.openqa.selenium.remote.ElementLocation$ElementFinder$2.findElement(ElementLocation.java:165)
	at org.openqa.selenium.remote.ElementLocation.findElement(ElementLocation.java:59)
	at org.openqa.selenium.remote.RemoteWebDriver.findElement(RemoteWebDriver.java:360)
	at org.openqa.selenium.remote.RemoteWebDriver.findElement(RemoteWebDriver.java:354)
	at org.openqa.selenium.support.pagefactory.DefaultElementLocator.findElement(DefaultElementLocator.java:68)
	at org.openqa.selenium.support.pagefactory.internal.LocatingElementHandler.invoke(LocatingElementHandler.java:38)
	at jdk.proxy2/jdk.proxy2.$Proxy29.getWrappedElement(Unknown Source)
	at org.openqa.selenium.remote.internal.WebElementToJsonConverter.apply(WebElementToJsonConverter.java:51)
	at java.base/java.util.stream.ReferencePipeline$3$1.accept(ReferencePipeline.java:197)
	at java.base/java.util.Spliterators$ArraySpliterator.forEachRemaining(Spliterators.java:992)
	at java.base/java.util.stream.AbstractPipeline.copyInto(AbstractPipeline.java:509)
	at java.base/java.util.stream.AbstractPipeline.wrapAndCopyInto(AbstractPipeline.java:499)
	at java.base/java.util.stream.ReduceOps$ReduceOp.evaluateSequential(ReduceOps.java:921)
	at java.base/java.util.stream.AbstractPipeline.evaluate(AbstractPipeline.java:234)
	at java.base/java.util.stream.ReferencePipeline.collect(ReferencePipeline.java:682)
	at org.openqa.selenium.remote.RemoteWebDriver.executeScript(RemoteWebDriver.java:466)
	at com.automationexercise.pages.CartPage.clickOnProceedToCheckout(CartPage.java:55)
	at com.automationexercise.steps.ProductsSteps.iClickProceedToCheckout(ProductsSteps.java:158)
	at ✽.I Click Proceed To Checkout(file:///C:/Users/Vishal/IdeaProjects/automationexercise-cucumber/src/test/resources/features/Products.feature:446)
</textarea>
      
      </div>
              </div>
              <div class="step skip-bg" title="com.automationexercise.steps.RegisterUserSteps.iClickHomeButton(java.lang.String)">
                <span>And I Click "Register / Login" button</span>
      <div>Step skipped
      </div>
              </div>
              <div class="step skip-bg" title="com.automationexercise.steps.RegisterUserSteps.iEnterNameAndEmailAddress(java.lang.String,java.lang.String)">
                <span>And I Enter name "Vivek" and email"vivegghgjk@gmail.com" address</span>
      <div>Step skipped
      </div>
              </div>
              <div class="step skip-bg" title="com.automationexercise.steps.RegisterUserSteps.iClickSignupButton()">
                <span>And I Click Signup button</span>
      <div>Step skipped
      </div>
              </div>
              <div class="step skip-bg" title="com.automationexercise.steps.RegisterUserSteps.iVerifyThatENTERACCOUNTINFORMATIONIsVisible()">
                <span>And I Verify that ENTER ACCOUNT INFORMATION is visible</span>
      <div>Step skipped
      </div>
              </div>
              <div class="step skip-bg" title="com.automationexercise.steps.RegisterUserSteps.iFillDetailsTitleNameEmailPasswordDateOfBirthDayMonthYear(java.lang.String,java.lang.String,java.lang.String,java.lang.String,java.lang.String)">
                <span>And I Fill details: Title "Mr", Name , Email, Password "Password123", Date of birth Day "1" Month "January" Year "1987"</span>
      <div>Step skipped
      </div>
              </div>
              <div class="step skip-bg" title="com.automationexercise.steps.RegisterUserSteps.iFillDetailsFirstNameLastNameCompanyAddressAddressCountryStateCityZipcodeMobileNumber(int)">
                <span>And I  Fill details: First name, Last name, Company, Address, Address2, Country, State, City, Zipcode, Mobile Number</span>
      <div>Step skipped
      </div>
              </div>
              <div class="step skip-bg" title="com.automationexercise.steps.RegisterUserSteps.iClickCreateAccountButton()">
                <span>And I  Click Create Account button</span>
      <div>Step skipped
      </div>
              </div>
              <div class="step skip-bg" title="com.automationexercise.steps.RegisterUserSteps.iVerifyThatACCOUNTCREATEDIsVisible()">
                <span>And I Verify that ACCOUNT CREATED! is visible</span>
      <div>Step skipped
      </div>
              </div>
              <div class="step skip-bg" title="com.automationexercise.steps.RegisterUserSteps.iClickContinueButton()">
                <span>And I Click Continue button</span>
      <div>Step skipped
      </div>
              </div>
              <div class="step skip-bg" title="com.automationexercise.steps.RegisterUserSteps.iVerifyThatLoggedInAsUsernameIsVisible()">
                <span>And I Verify that Logged in as username is visible</span>
      <div>Step skipped
      </div>
              </div>
              <div class="step skip-bg" title="com.automationexercise.steps.ProductsSteps.iClickButton(java.lang.String)">
                <span>And I click "Cart" button</span>
      <div>Step skipped
      </div>
              </div>
              <div class="step skip-bg" title="com.automationexercise.steps.ProductsSteps.iClickProceedToCheckout()">
                <span>And I Click Proceed To Checkout</span>
      <div>Step skipped
      </div>
              </div>
              <div class="step skip-bg" title="com.automationexercise.steps.ProductsSteps.verifyAddressDetailsAndReviewYourOrder()">
                <span>And Verify Address Details and Review Your Order</span>
      <div>Step skipped
      </div>
              </div>
              <div class="step skip-bg" title="com.automationexercise.steps.ProductsSteps.enterDescriptionInCommentTextAreaAndClick(java.lang.String)">
                <span>And Enter description in comment text area and click "Place Order"</span>
      <div>Step skipped
      </div>
              </div>
              <div class="step skip-bg" title="com.automationexercise.steps.ProductsSteps.iEnterPaymentDetails(java.lang.String,java.lang.String,java.lang.String,java.lang.String,java.lang.String)">
                <span>And I Enter payment details: "james", "647367436736736763746", "345", "21", "2012"</span>
      <div>Step skipped
      </div>
              </div>
              <div class="step skip-bg" title="com.automationexercise.steps.RegisterUserSteps.iClickHomeButton(java.lang.String)">
                <span>And I Click "Pay and Confirm Order" button</span>
      <div>Step skipped
      </div>
              </div>
              <div class="step skip-bg" title="com.automationexercise.steps.ProductsSteps.iVerifySuccessMessage(java.lang.String)">
                <span>And I Verify success message "Congratulations! Your order has been confirmed!"</span>
      <div>Step skipped
      </div>
              </div>
              <div class="step skip-bg" title="com.automationexercise.steps.ProductsSteps.iClickDownloadInvoiceButtonAndVerifyInvoiceIsDownloadedSuccessfully(java.lang.String)">
                <span>And I Click 'Download Invoice' button and verify invoice is downloaded successfully.</span>
      <div>Step skipped
      </div>
              </div>
              <div class="step skip-bg" title="com.automationexercise.steps.ProductsSteps.iClickContinueButon()">
                <span>And I click Continue buton</span>
      <div>Step skipped
      </div>
              </div>
              <div class="step skip-bg" title="com.automationexercise.steps.RegisterUserSteps.iClickDeleteAccountButton()">
                <span>Then I Click Delete Account button</span>
      <div>Step skipped
      </div>
              </div>
              <div class="step skip-bg" title="com.automationexercise.steps.RegisterUserSteps.iVerifyThatACCOUNTDELETEDIsVisibleAndClickContinueButton()">
                <span>And I Verify that ACCOUNT DELETED! is visible and click Continue button</span>
      <div>Step skipped
      </div>
              </div>
              <div class="step pass-bg" title="AFTER">
                <span>com.automationexercise.steps.Hooks.tearDown(io.cucumber.java.Scenario)</span>
      <div>24)  Download Invoice after purchase order
          <div class="row mb-3"><div class="col-md-3">
<img data-featherlight='../screenshots/embedded11.png' src="../screenshots/embedded11.png">
    
    </div></div>
</div>
      <div>
      </div>
              </div>
          </div>
        </div>
  </div>
  <div class="card">
    <div class="card-header" role="tab">
      <div class="card-title">
        <div class="node" id="266"><span class="badge log pass-bg mr-2">Pass</span>25) Verify Scroll Up using 'Arrow' button and Scroll Down functionality</div>
      </div>
    </div>
        <div class="collapse">
          <div class="card-body">
              <div class="step pass-bg" title="com.automationexercise.steps.RegisterUserSteps.iOpenTheURL()">
                <span>And I open the URL</span>
      <div>
      </div>
              </div>
              <div class="step pass-bg" title="com.automationexercise.steps.RegisterUserSteps.iVerifyThatHomePageVisibleSuccessfully()">
                <span>And I verify that home page visible successfully</span>
      <div>
      </div>
              </div>
              <div class="step pass-bg" title="com.automationexercise.steps.ProductsSteps.iScrollDownToFooter()">
                <span>When I scroll down to footer</span>
      <div>
      </div>
              </div>
              <div class="step pass-bg" title="com.automationexercise.steps.ProductsSteps.iVerifyTextSUBSCRIPTION(java.lang.String)">
                <span>And I Verify text 'SUBSCRIPTION'</span>
      <div>
      </div>
              </div>
              <div class="step pass-bg" title="com.automationexercise.steps.ProductsSteps.iClickOnArrowAtBottomRightSideToMoveUpward()">
                <span>Then I Click on arrow at bottom right side to move upward</span>
      <div>
      </div>
              </div>
              <div class="step pass-bg" title="com.automationexercise.steps.ProductsSteps.iVerifyThatPageIsScrolledUpAndFullFledgedPracticeWebsiteForAutomationEngineersTextIsVisibleOnScreen(java.lang.String)">
                <span>And I Verify that page is scrolled up and 'Full-Fledged practice website for Automation Engineers' text is visible on screen</span>
      <div>
      </div>
              </div>
          </div>
        </div>
  </div>
  <div class="card">
    <div class="card-header" role="tab">
      <div class="card-title">
        <div class="node" id="275"><span class="badge log pass-bg mr-2">Pass</span>26) Verify Scroll Up without 'Arrow' button and Scroll Down functionality</div>
      </div>
    </div>
        <div class="collapse">
          <div class="card-body">
              <div class="step pass-bg" title="com.automationexercise.steps.RegisterUserSteps.iOpenTheURL()">
                <span>And I open the URL</span>
      <div>
      </div>
              </div>
              <div class="step pass-bg" title="com.automationexercise.steps.RegisterUserSteps.iVerifyThatHomePageVisibleSuccessfully()">
                <span>And I verify that home page visible successfully</span>
      <div>
      </div>
              </div>
              <div class="step pass-bg" title="com.automationexercise.steps.ProductsSteps.iScrollDownToFooter()">
                <span>When I scroll down to footer</span>
      <div>
      </div>
              </div>
              <div class="step pass-bg" title="com.automationexercise.steps.ProductsSteps.iVerifyTextSUBSCRIPTION(java.lang.String)">
                <span>And I Verify text 'SUBSCRIPTION'</span>
      <div>
      </div>
              </div>
              <div class="step pass-bg" title="com.automationexercise.steps.ProductsSteps.iScrollUpPageToTop()">
                <span>Then I Scroll up page to top</span>
      <div>
      </div>
              </div>
              <div class="step pass-bg" title="com.automationexercise.steps.ProductsSteps.iVerifyThatPageIsScrolledUpAndFullFledgedPracticeWebsiteForAutomationEngineersTextIsVisibleOnScreen(java.lang.String)">
                <span>And I Verify that page is scrolled up and 'Full-Fledged practice website for Automation Engineers' text is visible on screen</span>
      <div>
      </div>
              </div>
          </div>
        </div>
  </div>
</div>
          </div>
        </li>
        <li class="test-item"  status="fail" test-id="284"
          author=""
          tag=""
          device="">
          <div class="test-detail">
            <p class="name">Register user and Login functionality</p>
            <p class="text-sm">
              <span>17:58:21</span> / <span>00:03:24:087</span>
              <span class="badge fail-bg log float-right">Fail</span>
            </p>
          </div>
          <div class="test-contents d-none">
<div class="detail-head">
<div class="p-v-10">
<div class="info">
<h5 class="test-status text-fail">Register user and Login functionality</h5>
<span class='badge badge-success'>01.02.2024 17:58:21</span>
<span class='badge badge-danger'>01.02.2024 18:01:45</span>
<span class='badge badge-default'>00:03:24:087</span>
&middot; <span class='uri-anchor badge badge-default'>#test-id=284</span>
<span class='badge badge-default pointer float-right ml-1 et'><i class="fa fa-chevron-down"></i></span>
<span class='badge badge-default pointer float-right ct'><i class="fa fa-chevron-up"></i></span>
</div>
<div class="m-t-10 m-l-5"> As a user, I should be able to register a new account and then login with valid credential and unable to login with invalid credentials</div>
</div>
</div>
<div class="accordion mt-4">
  <div class="card">
    <div class="card-header" role="tab">
      <div class="card-title">
        <div class="node" id="285"><span class="badge log pass-bg mr-2">Pass</span>1) verify user can be register</div>
      </div>
    </div>
        <div class="collapse">
          <div class="card-body">
              <div class="step pass-bg" title="com.automationexercise.steps.RegisterUserSteps.iOpenTheURL()">
                <span>And I open the URL</span>
      <div>
      </div>
              </div>
              <div class="step pass-bg" title="com.automationexercise.steps.RegisterUserSteps.iVerifyThatHomePageVisibleSuccessfully()">
                <span>And I verify that home page visible successfully</span>
      <div>
      </div>
              </div>
              <div class="step pass-bg" title="com.automationexercise.steps.RegisterUserSteps.iClickOnButton(java.lang.String)">
                <span>When I click on "Signup / Login" button</span>
      <div>
      </div>
              </div>
              <div class="step pass-bg" title="com.automationexercise.steps.RegisterUserSteps.iVerifyIsVisible(java.lang.String)">
                <span>And I verify "New User Signup!" is visible</span>
      <div>
      </div>
              </div>
              <div class="step pass-bg" title="com.automationexercise.steps.RegisterUserSteps.iEnterNameAndEmailAddress(java.lang.String,java.lang.String)">
                <span>And I Enter name "Vivek" and email"vivfdfsdfddsek@gmail.com" address</span>
      <div>
      </div>
              </div>
              <div class="step pass-bg" title="com.automationexercise.steps.RegisterUserSteps.iClickSignupButton()">
                <span>And I Click Signup button</span>
      <div>
      </div>
              </div>
              <div class="step pass-bg" title="com.automationexercise.steps.RegisterUserSteps.iVerifyThatENTERACCOUNTINFORMATIONIsVisible()">
                <span>And I Verify that ENTER ACCOUNT INFORMATION is visible</span>
      <div>
      </div>
              </div>
              <div class="step pass-bg" title="com.automationexercise.steps.RegisterUserSteps.iFillDetailsTitleNameEmailPasswordDateOfBirthDayMonthYear(java.lang.String,java.lang.String,java.lang.String,java.lang.String,java.lang.String)">
                <span>And I Fill details: Title "Mr", Name , Email, Password "Password123", Date of birth Day "1" Month "January" Year "1987"</span>
      <div>
      </div>
              </div>
              <div class="step pass-bg" title="com.automationexercise.steps.RegisterUserSteps.iSelectCheckboxSignUpForOurNewsletter()">
                <span>And I Select checkbox Sign up for our newsletter!</span>
      <div>
      </div>
              </div>
              <div class="step pass-bg" title="com.automationexercise.steps.RegisterUserSteps.iSelectCheckboxReceiveSpecialOffersFromOurPartners()">
                <span>And I Select checkbox Receive special offers from our partners!</span>
      <div>
      </div>
              </div>
              <div class="step pass-bg" title="com.automationexercise.steps.RegisterUserSteps.iFillDetailsFirstNameLastNameCompanyAddressAddressCountryStateCityZipcodeMobileNumber(int)">
                <span>And I  Fill details: First name, Last name, Company, Address, Address2, Country, State, City, Zipcode, Mobile Number</span>
      <div>
      </div>
              </div>
              <div class="step pass-bg" title="com.automationexercise.steps.RegisterUserSteps.iClickCreateAccountButton()">
                <span>And I  Click Create Account button</span>
      <div>
      </div>
              </div>
              <div class="step pass-bg" title="com.automationexercise.steps.RegisterUserSteps.iVerifyThatACCOUNTCREATEDIsVisible()">
                <span>And I Verify that ACCOUNT CREATED! is visible</span>
      <div>
      </div>
              </div>
              <div class="step pass-bg" title="com.automationexercise.steps.RegisterUserSteps.iClickContinueButton()">
                <span>And I Click Continue button</span>
      <div>
      </div>
              </div>
              <div class="step pass-bg" title="com.automationexercise.steps.RegisterUserSteps.iVerifyThatLoggedInAsUsernameIsVisible()">
                <span>And I Verify that Logged in as username is visible</span>
      <div>
      </div>
              </div>
              <div class="step pass-bg" title="com.automationexercise.steps.RegisterUserSteps.iClickDeleteAccountButton()">
                <span>Then I Click Delete Account button</span>
      <div>
      </div>
              </div>
              <div class="step pass-bg" title="com.automationexercise.steps.RegisterUserSteps.iVerifyThatACCOUNTDELETEDIsVisibleAndClickContinueButton()">
                <span>And I Verify that ACCOUNT DELETED! is visible and click Continue button</span>
      <div>
      </div>
              </div>
          </div>
        </div>
  </div>
  <div class="card">
    <div class="card-header" role="tab">
      <div class="card-title">
        <div class="node" id="305"><span class="badge log pass-bg mr-2">Pass</span>2) Login user with correct email and password</div>
      </div>
    </div>
        <div class="collapse">
          <div class="card-body">
              <div class="step pass-bg" title="com.automationexercise.steps.RegisterUserSteps.iOpenTheURL()">
                <span>And I open the URL</span>
      <div>
      </div>
              </div>
              <div class="step pass-bg" title="com.automationexercise.steps.RegisterUserSteps.iVerifyThatHomePageVisibleSuccessfully()">
                <span>And I verify that home page visible successfully</span>
      <div>
      </div>
              </div>
              <div class="step pass-bg" title="com.automationexercise.steps.RegisterUserSteps.iClickOnButton(java.lang.String)">
                <span>When I click on "Signup / Login" button</span>
      <div>
      </div>
              </div>
              <div class="step pass-bg" title="com.automationexercise.steps.RegisterUserSteps.iVerifyLoginToYourAccountIsVisible()">
                <span>And I verify Login to your account is visible</span>
      <div>
      </div>
              </div>
              <div class="step pass-bg" title="com.automationexercise.steps.RegisterUserSteps.iEnterCorrectEmailAddressAndPassword(java.lang.String,java.lang.String)">
                <span>And I enter Correct Email "don@gmail.com" address and Password "Password"</span>
      <div>
      </div>
              </div>
              <div class="step pass-bg" title="com.automationexercise.steps.RegisterUserSteps.iClickOnLoginButton()">
                <span>And I click on login button</span>
      <div>
      </div>
              </div>
              <div class="step pass-bg" title="com.automationexercise.steps.RegisterUserSteps.iVerifyThatLoggedInAsUsernameIsVisible()">
                <span>And I Verify that Logged in as username is visible</span>
      <div>
      </div>
              </div>
              <div class="step pass-bg" title="com.automationexercise.steps.RegisterUserSteps.iClickDeleteAccountButton()">
                <span>Then I Click Delete Account button</span>
      <div>
      </div>
              </div>
              <div class="step pass-bg" title="com.automationexercise.steps.RegisterUserSteps.iVerifyThatACCOUNTDELETEDIsVisibleAndClickContinueButton()">
                <span>And I Verify that ACCOUNT DELETED! is visible and click Continue button</span>
      <div>
      </div>
              </div>
          </div>
        </div>
  </div>
  <div class="card">
    <div class="card-header" role="tab">
      <div class="card-title">
        <div class="node" id="317"><span class="badge log pass-bg mr-2">Pass</span>3) Login user with incorrect email and password</div>
      </div>
    </div>
        <div class="scenario_outline collapse">
            <div class="card-body l1">
              <div class="card-header">
                <div class="card-title outline-child">
                  <div class="node" id="318"><span class="badge log pass-bg mr-2">Pass</span>3) Login user with incorrect email and password</div>
                </div>
              </div>
              <div class="card-body mt-3 collapse">
                  <div class="step pass-bg">
                    <span>And I open the URL</span>
      <div>
      </div>
                  </div>
                  <div class="step pass-bg">
                    <span>And I verify that home page visible successfully</span>
      <div>
      </div>
                  </div>
                  <div class="step pass-bg">
                    <span>When I click on "Signup / Login" button</span>
      <div>
      </div>
                  </div>
                  <div class="step pass-bg">
                    <span>And I verify Login to your account is visible</span>
      <div>
      </div>
                  </div>
                  <div class="step pass-bg">
                    <span>And I Enter incorrect email "patel@gmail.com" address and password "Passwordfkj"</span>
      <div>
      </div>
                  </div>
                  <div class="step pass-bg">
                    <span>Then I click on login button</span>
      <div>
      </div>
                  </div>
                  <div class="step pass-bg">
                    <span>And I verify error your email or password is incorrect! is visible</span>
      <div>
      </div>
                  </div>
              </div>
            </div>
            <div class="card-body l1">
              <div class="card-header">
                <div class="card-title outline-child">
                  <div class="node" id="328"><span class="badge log pass-bg mr-2">Pass</span>3) Login user with incorrect email and password</div>
                </div>
              </div>
              <div class="card-body mt-3 collapse">
                  <div class="step pass-bg">
                    <span>And I open the URL</span>
      <div>
      </div>
                  </div>
                  <div class="step pass-bg">
                    <span>And I verify that home page visible successfully</span>
      <div>
      </div>
                  </div>
                  <div class="step pass-bg">
                    <span>When I click on "Signup / Login" button</span>
      <div>
      </div>
                  </div>
                  <div class="step pass-bg">
                    <span>And I verify Login to your account is visible</span>
      <div>
      </div>
                  </div>
                  <div class="step pass-bg">
                    <span>And I Enter incorrect email "jdkjfk@gmail.com  " address and password "nfjadnjfnaw"</span>
      <div>
      </div>
                  </div>
                  <div class="step pass-bg">
                    <span>Then I click on login button</span>
      <div>
      </div>
                  </div>
                  <div class="step pass-bg">
                    <span>And I verify error your email or password is incorrect! is visible</span>
      <div>
      </div>
                  </div>
              </div>
            </div>
            <div class="card-body l1">
              <div class="card-header">
                <div class="card-title outline-child">
                  <div class="node" id="338"><span class="badge log pass-bg mr-2">Pass</span>3) Login user with incorrect email and password</div>
                </div>
              </div>
              <div class="card-body mt-3 collapse">
                  <div class="step pass-bg">
                    <span>And I open the URL</span>
      <div>
      </div>
                  </div>
                  <div class="step pass-bg">
                    <span>And I verify that home page visible successfully</span>
      <div>
      </div>
                  </div>
                  <div class="step pass-bg">
                    <span>When I click on "Signup / Login" button</span>
      <div>
      </div>
                  </div>
                  <div class="step pass-bg">
                    <span>And I verify Login to your account is visible</span>
      <div>
      </div>
                  </div>
                  <div class="step pass-bg">
                    <span>And I Enter incorrect email "jdjfk@gmail.com  " address and password "nfadnjfnaw"</span>
      <div>
      </div>
                  </div>
                  <div class="step pass-bg">
                    <span>Then I click on login button</span>
      <div>
      </div>
                  </div>
                  <div class="step pass-bg">
                    <span>And I verify error your email or password is incorrect! is visible</span>
      <div>
      </div>
                  </div>
              </div>
            </div>
        </div>
  </div>
  <div class="card">
    <div class="card-header" role="tab">
      <div class="card-title">
        <div class="node" id="348"><span class="badge log fail-bg mr-2">Fail</span>4) Logout User</div>
          <div class="status-avatar float-right mr-4">
            <i class="fa fa-paperclip"></i>
          </div>
      </div>
    </div>
        <div class="">
          <div class="card-body">
              <div class="step pass-bg" title="com.automationexercise.steps.RegisterUserSteps.iOpenTheURL()">
                <span>And I open the URL</span>
      <div>
      </div>
              </div>
              <div class="step pass-bg" title="com.automationexercise.steps.RegisterUserSteps.iVerifyThatHomePageVisibleSuccessfully()">
                <span>And I verify that home page visible successfully</span>
      <div>
      </div>
              </div>
              <div class="step pass-bg" title="com.automationexercise.steps.RegisterUserSteps.iClickOnButton(java.lang.String)">
                <span>When I click on "Signup / Login" button</span>
      <div>
      </div>
              </div>
              <div class="step pass-bg" title="com.automationexercise.steps.RegisterUserSteps.iVerifyIsVisible(java.lang.String)">
                <span>And I verify 'Login to your account' is visible</span>
      <div>
      </div>
              </div>
              <div class="step pass-bg" title="com.automationexercise.steps.RegisterUserSteps.iEnterCorrectEmailAddressAndPassword(java.lang.String,java.lang.String)">
                <span>And I enter Correct Email "don@gmail.com" address and Password "Password"</span>
      <div>
      </div>
              </div>
              <div class="step pass-bg" title="com.automationexercise.steps.RegisterUserSteps.iClickOnLoginButton()">
                <span>And I click on login button</span>
      <div>
      </div>
              </div>
              <div class="step fail-bg" title="com.automationexercise.steps.RegisterUserSteps.iVerifyThatLoggedInAsUsernameIsVisible()">
                <span>And I Verify that Logged in as username is visible</span>
      <div>
        <textarea disabled class="code-block">org.openqa.selenium.NoSuchElementException: no such element: Unable to locate element: {"method":"css selector","selector":"li:nth-child(10) a:nth-child(1)"}
  (Session info: chrome=120.0.6099.130)
For documentation on this error, please visit: https://www.selenium.dev/documentation/webdriver/troubleshooting/errors#no-such-element-exception
Build info: version: '4.16.1', revision: '9b4c83354e'
System info: os.name: 'Windows 10', os.arch: 'amd64', os.version: '10.0', java.version: '17.0.8'
Driver info: org.openqa.selenium.chrome.ChromeDriver
Command: [111d6b4fe38e4a2a223c30ee3519cdf3, findElement {using=css selector, value=li:nth-child(10) a:nth-child(1)}]
Capabilities {acceptInsecureCerts: false, browserName: chrome, browserVersion: 120.0.6099.130, chrome: {chromedriverVersion: 120.0.6099.109 (3419140ab66..., userDataDir: C:\Users\Vishal\AppData\Loc...}, fedcm:accounts: true, goog:chromeOptions: {debuggerAddress: localhost:58943}, networkConnectionEnabled: false, pageLoadStrategy: normal, platformName: windows, proxy: Proxy(), se:cdp: ws://localhost:58943/devtoo..., se:cdpVersion: 120.0.6099.130, setWindowRect: true, strictFileInteractability: false, timeouts: {implicit: 0, pageLoad: 300000, script: 30000}, unhandledPromptBehavior: dismiss and notify, webauthn:extension:credBlob: true, webauthn:extension:largeBlob: true, webauthn:extension:minPinLength: true, webauthn:extension:prf: true, webauthn:virtualAuthenticators: true}
Session ID: 111d6b4fe38e4a2a223c30ee3519cdf3
	at java.base/jdk.internal.reflect.NativeConstructorAccessorImpl.newInstance0(Native Method)
	at java.base/jdk.internal.reflect.NativeConstructorAccessorImpl.newInstance(NativeConstructorAccessorImpl.java:77)
	at java.base/jdk.internal.reflect.DelegatingConstructorAccessorImpl.newInstance(DelegatingConstructorAccessorImpl.java:45)
	at java.base/java.lang.reflect.Constructor.newInstanceWithCaller(Constructor.java:499)
	at java.base/java.lang.reflect.Constructor.newInstance(Constructor.java:480)
	at org.openqa.selenium.remote.codec.w3c.W3CHttpResponseCodec.createException(W3CHttpResponseCodec.java:200)
	at org.openqa.selenium.remote.codec.w3c.W3CHttpResponseCodec.decode(W3CHttpResponseCodec.java:133)
	at org.openqa.selenium.remote.codec.w3c.W3CHttpResponseCodec.decode(W3CHttpResponseCodec.java:52)
	at org.openqa.selenium.remote.HttpCommandExecutor.execute(HttpCommandExecutor.java:191)
	at org.openqa.selenium.remote.service.DriverCommandExecutor.invokeExecute(DriverCommandExecutor.java:200)
	at org.openqa.selenium.remote.service.DriverCommandExecutor.execute(DriverCommandExecutor.java:175)
	at org.openqa.selenium.remote.RemoteWebDriver.execute(RemoteWebDriver.java:523)
	at org.openqa.selenium.remote.ElementLocation$ElementFinder$2.findElement(ElementLocation.java:165)
	at org.openqa.selenium.remote.ElementLocation.findElement(ElementLocation.java:59)
	at org.openqa.selenium.remote.RemoteWebDriver.findElement(RemoteWebDriver.java:360)
	at org.openqa.selenium.remote.RemoteWebDriver.findElement(RemoteWebDriver.java:354)
	at org.openqa.selenium.support.pagefactory.DefaultElementLocator.findElement(DefaultElementLocator.java:68)
	at org.openqa.selenium.support.pagefactory.internal.LocatingElementHandler.invoke(LocatingElementHandler.java:38)
	at jdk.proxy2/jdk.proxy2.$Proxy29.isDisplayed(Unknown Source)
	at com.automationexercise.utility.Utility.verifyThatElementIsDisplayed(Utility.java:286)
	at com.automationexercise.pages.LoggedInPage.verifyLoggedInAsUserIsVisible(LoggedInPage.java:36)
	at com.automationexercise.steps.RegisterUserSteps.iVerifyThatLoggedInAsUsernameIsVisible(RegisterUserSteps.java:82)
	at ✽.I Verify that Logged in as username is visible(file:///C:/Users/Vishal/IdeaProjects/automationexercise-cucumber/src/test/resources/features/registeruser.feature:86)
</textarea>
      
      </div>
              </div>
              <div class="step skip-bg" title="com.automationexercise.steps.RegisterUserSteps.iClickLogoutButton()">
                <span>Then I click Logout button</span>
      <div>Step skipped
      </div>
              </div>
              <div class="step skip-bg" title="com.automationexercise.steps.RegisterUserSteps.iVerifyThatUserIsNavigatedToLoginPage()">
                <span>And I verify that user is navigated to login page</span>
      <div>Step skipped
      </div>
              </div>
              <div class="step pass-bg" title="AFTER">
                <span>com.automationexercise.steps.Hooks.tearDown(io.cucumber.java.Scenario)</span>
      <div>4) Logout User
          <div class="row mb-3"><div class="col-md-3">
<img data-featherlight='../screenshots/embedded12.png' src="../screenshots/embedded12.png">
    
    </div></div>
</div>
      <div>
      </div>
              </div>
          </div>
        </div>
  </div>
  <div class="card">
    <div class="card-header" role="tab">
      <div class="card-title">
        <div class="node" id="360"><span class="badge log fail-bg mr-2">Fail</span>5) Register user with existing email</div>
          <div class="status-avatar float-right mr-4">
            <i class="fa fa-paperclip"></i>
          </div>
      </div>
    </div>
        <div class="">
          <div class="card-body">
              <div class="step pass-bg" title="com.automationexercise.steps.RegisterUserSteps.iOpenTheURL()">
                <span>And I open the URL</span>
      <div>
      </div>
              </div>
              <div class="step pass-bg" title="com.automationexercise.steps.RegisterUserSteps.iVerifyThatHomePageVisibleSuccessfully()">
                <span>And I verify that home page visible successfully</span>
      <div>
      </div>
              </div>
              <div class="step pass-bg" title="com.automationexercise.steps.RegisterUserSteps.iClickOnButton(java.lang.String)">
                <span>When I click on "Signup / Login" button</span>
      <div>
      </div>
              </div>
              <div class="step pass-bg" title="com.automationexercise.steps.RegisterUserSteps.iVerifyIsVisible(java.lang.String)">
                <span>And I verify "New User Signup!" is visible</span>
      <div>
      </div>
              </div>
              <div class="step pass-bg" title="com.automationexercise.steps.RegisterUserSteps.iEnterNameAndAlreadyRegisteredEmailAddress(java.lang.String,java.lang.String)">
                <span>And I Enter name "Vivek" and already registered email "don@gmail.com" address</span>
      <div>
      </div>
              </div>
              <div class="step pass-bg" title="com.automationexercise.steps.RegisterUserSteps.iClickSignupButton()">
                <span>And I Click Signup button</span>
      <div>
      </div>
              </div>
              <div class="step fail-bg" title="com.automationexercise.steps.RegisterUserSteps.iShouldSeeErrorMessageEmailAddressAlreadyExist()">
                <span>Then I should see error message Email address already exist!</span>
      <div>
        <textarea disabled class="code-block">org.openqa.selenium.NoSuchElementException: no such element: Unable to locate element: {"method":"xpath","selector":"//p[normalize-space()='Email Address already exist!']"}
  (Session info: chrome=120.0.6099.130)
For documentation on this error, please visit: https://www.selenium.dev/documentation/webdriver/troubleshooting/errors#no-such-element-exception
Build info: version: '4.16.1', revision: '9b4c83354e'
System info: os.name: 'Windows 10', os.arch: 'amd64', os.version: '10.0', java.version: '17.0.8'
Driver info: org.openqa.selenium.chrome.ChromeDriver
Command: [0f28f53f9b8639ddd5620bce015e24aa, findElement {using=xpath, value=//p[normalize-space()='Email Address already exist!']}]
Capabilities {acceptInsecureCerts: false, browserName: chrome, browserVersion: 120.0.6099.130, chrome: {chromedriverVersion: 120.0.6099.109 (3419140ab66..., userDataDir: C:\Users\Vishal\AppData\Loc...}, fedcm:accounts: true, goog:chromeOptions: {debuggerAddress: localhost:58982}, networkConnectionEnabled: false, pageLoadStrategy: normal, platformName: windows, proxy: Proxy(), se:cdp: ws://localhost:58982/devtoo..., se:cdpVersion: 120.0.6099.130, setWindowRect: true, strictFileInteractability: false, timeouts: {implicit: 0, pageLoad: 300000, script: 30000}, unhandledPromptBehavior: dismiss and notify, webauthn:extension:credBlob: true, webauthn:extension:largeBlob: true, webauthn:extension:minPinLength: true, webauthn:extension:prf: true, webauthn:virtualAuthenticators: true}
Session ID: 0f28f53f9b8639ddd5620bce015e24aa
	at java.base/jdk.internal.reflect.NativeConstructorAccessorImpl.newInstance0(Native Method)
	at java.base/jdk.internal.reflect.NativeConstructorAccessorImpl.newInstance(NativeConstructorAccessorImpl.java:77)
	at java.base/jdk.internal.reflect.DelegatingConstructorAccessorImpl.newInstance(DelegatingConstructorAccessorImpl.java:45)
	at java.base/java.lang.reflect.Constructor.newInstanceWithCaller(Constructor.java:499)
	at java.base/java.lang.reflect.Constructor.newInstance(Constructor.java:480)
	at org.openqa.selenium.remote.codec.w3c.W3CHttpResponseCodec.createException(W3CHttpResponseCodec.java:200)
	at org.openqa.selenium.remote.codec.w3c.W3CHttpResponseCodec.decode(W3CHttpResponseCodec.java:133)
	at org.openqa.selenium.remote.codec.w3c.W3CHttpResponseCodec.decode(W3CHttpResponseCodec.java:52)
	at org.openqa.selenium.remote.HttpCommandExecutor.execute(HttpCommandExecutor.java:191)
	at org.openqa.selenium.remote.service.DriverCommandExecutor.invokeExecute(DriverCommandExecutor.java:200)
	at org.openqa.selenium.remote.service.DriverCommandExecutor.execute(DriverCommandExecutor.java:175)
	at org.openqa.selenium.remote.RemoteWebDriver.execute(RemoteWebDriver.java:523)
	at org.openqa.selenium.remote.ElementLocation$ElementFinder$2.findElement(ElementLocation.java:165)
	at org.openqa.selenium.remote.ElementLocation.findElement(ElementLocation.java:59)
	at org.openqa.selenium.remote.RemoteWebDriver.findElement(RemoteWebDriver.java:360)
	at org.openqa.selenium.remote.RemoteWebDriver.findElement(RemoteWebDriver.java:354)
	at org.openqa.selenium.support.pagefactory.DefaultElementLocator.findElement(DefaultElementLocator.java:68)
	at org.openqa.selenium.support.pagefactory.internal.LocatingElementHandler.invoke(LocatingElementHandler.java:38)
	at jdk.proxy2/jdk.proxy2.$Proxy29.isDisplayed(Unknown Source)
	at com.automationexercise.utility.Utility.verifyThatElementIsDisplayed(Utility.java:286)
	at com.automationexercise.pages.HomePage.verifyEmailAddressAlreadyExistTextWhenEnterExistingEmail(HomePage.java:85)
	at com.automationexercise.steps.RegisterUserSteps.iShouldSeeErrorMessageEmailAddressAlreadyExist(RegisterUserSteps.java:162)
	at ✽.I should see error message Email address already exist!(file:///C:/Users/Vishal/IdeaProjects/automationexercise-cucumber/src/test/resources/features/registeruser.feature:96)
</textarea>
      
      </div>
              </div>
              <div class="step pass-bg" title="AFTER">
                <span>com.automationexercise.steps.Hooks.tearDown(io.cucumber.java.Scenario)</span>
      <div>5) Register user with existing email
          <div class="row mb-3"><div class="col-md-3">
<img data-featherlight='../screenshots/embedded13.png' src="../screenshots/embedded13.png">
    
    </div></div>
</div>
      <div>
      </div>
              </div>
          </div>
        </div>
  </div>
  <div class="card">
    <div class="card-header" role="tab">
      <div class="card-title">
        <div class="node" id="370"><span class="badge log pass-bg mr-2">Pass</span>6) Contact us Form</div>
      </div>
    </div>
        <div class="scenario_outline collapse">
            <div class="card-body l1">
              <div class="card-header">
                <div class="card-title outline-child">
                  <div class="node" id="371"><span class="badge log pass-bg mr-2">Pass</span>6) Contact us Form</div>
                </div>
              </div>
              <div class="card-body mt-3 collapse">
                  <div class="step pass-bg">
                    <span>And I open the URL</span>
      <div>
      </div>
                  </div>
                  <div class="step pass-bg">
                    <span>And I verify that home page visible successfully</span>
      <div>
      </div>
                  </div>
                  <div class="step pass-bg">
                    <span>When I click on a "Contact Us" button</span>
      <div>
      </div>
                  </div>
                  <div class="step pass-bg">
                    <span>And I Verify 'GET IN TOUCH' is visible</span>
      <div>
      </div>
                  </div>
                  <div class="step pass-bg">
                    <span>And I Enter "Patel", "jajasdj@gmail.com", "product" and "please contact as soon as"</span>
      <div>
      </div>
                  </div>
                  <div class="step pass-bg">
                    <span>And I Upload file</span>
      <div>
      </div>
                  </div>
                  <div class="step pass-bg">
                    <span>Then I click on Submit button</span>
      <div>
      </div>
                  </div>
                  <div class="step pass-bg">
                    <span>And I click on OK button</span>
      <div>
      </div>
                  </div>
                  <div class="step pass-bg">
                    <span>And I verify success message "Success! Your details have been submitted successfully." is visible</span>
      <div>
      </div>
                  </div>
                  <div class="step pass-bg">
                    <span>And I Click 'Home' button</span>
      <div>
      </div>
                  </div>
                  <div class="step pass-bg">
                    <span>And I verify that landed to homepage successfully</span>
      <div>
      </div>
                  </div>
              </div>
            </div>
        </div>
  </div>
  <div class="card">
    <div class="card-header" role="tab">
      <div class="card-title">
        <div class="node" id="385"><span class="badge log pass-bg mr-2">Pass</span>7) Verify test cases page</div>
      </div>
    </div>
        <div class="collapse">
          <div class="card-body">
              <div class="step pass-bg" title="com.automationexercise.steps.RegisterUserSteps.iOpenTheURL()">
                <span>And I open the URL</span>
      <div>
      </div>
              </div>
              <div class="step pass-bg" title="com.automationexercise.steps.RegisterUserSteps.iVerifyThatHomePageVisibleSuccessfully()">
                <span>And I verify that home page visible successfully</span>
      <div>
      </div>
              </div>
              <div class="step pass-bg" title="com.automationexercise.steps.RegisterUserSteps.iClickOnTheButton(java.lang.String)">
                <span>When I click on the "Test Cases" button</span>
      <div>
      </div>
              </div>
              <div class="step pass-bg" title="com.automationexercise.steps.RegisterUserSteps.iVerifyUserIsNavigatedToCasesPageSuccessfully()">
                <span>Then I verify user is navigated to cases page successfully</span>
      <div>
      </div>
              </div>
          </div>
        </div>
  </div>
</div>
          </div>
        </li>
      </ul>
    </div>
  </div>
<div class="test-content scrollable">
<div class="test-content-tools">
<ul><li><a class="back-to-test" href="#"><i class="fa fa-arrow-left"></i></a></li></ul>
</div>
<div class="test-content-detail"><div class="detail-body"></div></div>
</div></div>
<div class="test-wrapper row view category-view attributes-view">
<div class="test-list">
<div class="test-list-tools">
<ul class="tools pull-left"><li><a href=""><span class="font-size-14">Category</span></a></li></ul>
<ul class="tools text-right"><li><a href="#"><span class="badge badge-primary">2</span></a></li></ul>
</div>
<div class="test-list-wrapper scrollable">
<ul class="test-list-item">
<li class="test-item">
<div class="test-detail">
<span class="meta">
<span class='badge log pass-bg'>15</span>
<span class='badge log badge-danger'>13</span>
</span>
<p class="name">@regression</p>
<p class="duration text-sm">28 tests</p>
</div>
<div class="test-contents d-none">
<div class="info">
<h4>@regression</h4>
<span status="pass" class='badge log pass-bg'>15 passed</span>
<span status="fail" class='badge log badge-danger'>13 failed</span>
</div>
<table class='table table-sm mt-4'>
<thead>
<tr>
<th class="status-col">Status</th>
<th class="timestamp-col">Timestamp</th>
<th>TestName</th>
</tr>
</thead>
<tbody>
<tr class="tag-test-status" status="fail">
<td><span class="badge log fail-bg">Fail</span></td>
<td>17:49:26 pm</td>
<td>
<a href="#" class="linked" test-id='1' id='2'>8) verify user can be register</a>
<div class="">
<span class="badge badge-default">User Functionality,.8) verify user can be register</span>
</div>
</td>
</tr>
<tr class="tag-test-status" status="pass">
<td><span class="badge log pass-bg">Pass</span></td>
<td>17:49:41 pm</td>
<td>
<a href="#" class="linked" test-id='1' id='13'>9) Search Product</a>
<div class="">
<span class="badge badge-default">User Functionality,.9) Search Product</span>
</div>
</td>
</tr>
<tr class="tag-test-status" status="pass">
<td><span class="badge log pass-bg">Pass</span></td>
<td>17:50:00 pm</td>
<td>
<a href="#" class="linked" test-id='1' id='24'>10) Verify Subscription in home page</a>
<div class="">
<span class="badge badge-default">User Functionality,.10) Verify Subscription in home page</span>
</div>
</td>
</tr>
<tr class="tag-test-status" status="pass">
<td><span class="badge log pass-bg">Pass</span></td>
<td>17:50:10 pm</td>
<td>
<a href="#" class="linked" test-id='1' id='34'>11) Verify Subscription in Cart page</a>
<div class="">
<span class="badge badge-default">User Functionality,.11) Verify Subscription in Cart page</span>
</div>
</td>
</tr>
<tr class="tag-test-status" status="fail">
<td><span class="badge log fail-bg">Fail</span></td>
<td>17:50:21 pm</td>
<td>
<a href="#" class="linked" test-id='1' id='43'>12) Add Products in Cart</a>
<div class="">
<span class="badge badge-default">User Functionality,.12) Add Products in Cart</span>
</div>
</td>
</tr>
<tr class="tag-test-status" status="fail">
<td><span class="badge log fail-bg">Fail</span></td>
<td>17:50:42 pm</td>
<td>
<a href="#" class="linked" test-id='1' id='55'>13) Verify Product quantity in Cart</a>
<div class="">
<span class="badge badge-default">User Functionality,.13) Verify Product quantity in Cart</span>
</div>
</td>
</tr>
<tr class="tag-test-status" status="pass">
<td><span class="badge log pass-bg">Pass</span></td>
<td>17:51:22 pm</td>
<td>
<a href="#" class="linked" test-id='1' id='66'>14) Place order: Register While Checkout</a>
<div class="">
<span class="badge badge-default">User Functionality,.14) Place order: Register While Checkout</span>
</div>
</td>
</tr>
<tr class="tag-test-status" status="pass">
<td><span class="badge log pass-bg">Pass</span></td>
<td>17:52:04 pm</td>
<td>
<a href="#" class="linked" test-id='1' id='96'>15) Place Order: Register before Checkout</a>
<div class="">
<span class="badge badge-default">User Functionality,.15) Place Order: Register before Checkout</span>
</div>
</td>
</tr>
<tr class="tag-test-status" status="fail">
<td><span class="badge log fail-bg">Fail</span></td>
<td>17:52:38 pm</td>
<td>
<a href="#" class="linked" test-id='1' id='121'>16) Place Order: Login before Checkout</a>
<div class="">
<span class="badge badge-default">User Functionality,.16) Place Order: Login before Checkout</span>
</div>
</td>
</tr>
<tr class="tag-test-status" status="fail">
<td><span class="badge log fail-bg">Fail</span></td>
<td>17:53:33 pm</td>
<td>
<a href="#" class="linked" test-id='1' id='141'>17) Remove Products From Cart</a>
<div class="">
<span class="badge badge-default">User Functionality,.17) Remove Products From Cart</span>
</div>
</td>
</tr>
<tr class="tag-test-status" status="pass">
<td><span class="badge log pass-bg">Pass</span></td>
<td>17:54:14 pm</td>
<td>
<a href="#" class="linked" test-id='1' id='151'>18) View Category Products</a>
<div class="">
<span class="badge badge-default">User Functionality,.18) View Category Products</span>
</div>
</td>
</tr>
<tr class="tag-test-status" status="fail">
<td><span class="badge log fail-bg">Fail</span></td>
<td>17:54:35 pm</td>
<td>
<a href="#" class="linked" test-id='1' id='163'>19) View & Cart Brand Products</a>
<div class="">
<span class="badge badge-default">User Functionality,.19) View & Cart Brand Products</span>
</div>
</td>
</tr>
<tr class="tag-test-status" status="fail">
<td><span class="badge log fail-bg">Fail</span></td>
<td>17:54:45 pm</td>
<td>
<a href="#" class="linked" test-id='1' id='174'>20) Search Products and Verify Cart After Login</a>
<div class="">
<span class="badge badge-default">User Functionality,.20) Search Products and Verify Cart After Login</span>
</div>
</td>
</tr>
<tr class="tag-test-status" status="fail">
<td><span class="badge log fail-bg">Fail</span></td>
<td>17:55:48 pm</td>
<td>
<a href="#" class="linked" test-id='1' id='193'>21) Add review on product</a>
<div class="">
<span class="badge badge-default">User Functionality,.21) Add review on product</span>
</div>
</td>
</tr>
<tr class="tag-test-status" status="fail">
<td><span class="badge log fail-bg">Fail</span></td>
<td>17:56:05 pm</td>
<td>
<a href="#" class="linked" test-id='1' id='205'>22) Add to cart from Recommended items</a>
<div class="">
<span class="badge badge-default">User Functionality,.22) Add to cart from Recommended items</span>
</div>
</td>
</tr>
<tr class="tag-test-status" status="fail">
<td><span class="badge log fail-bg">Fail</span></td>
<td>17:56:19 pm</td>
<td>
<a href="#" class="linked" test-id='1' id='215'>23) Verify address details in checkout page</a>
<div class="">
<span class="badge badge-default">User Functionality,.23) Verify address details in checkout page</span>
</div>
</td>
</tr>
<tr class="tag-test-status" status="fail">
<td><span class="badge log fail-bg">Fail</span></td>
<td>17:57:17 pm</td>
<td>
<a href="#" class="linked" test-id='1' id='236'>24) Download Invoice after purchase order</a>
<div class="">
<span class="badge badge-default">User Functionality,.24) Download Invoice after purchase order</span>
</div>
</td>
</tr>
<tr class="tag-test-status" status="pass">
<td><span class="badge log pass-bg">Pass</span></td>
<td>17:57:59 pm</td>
<td>
<a href="#" class="linked" test-id='1' id='266'>25) Verify Scroll Up using 'Arrow' button and Scroll Down functionality</a>
<div class="">
<span class="badge badge-default">User Functionality,.25) Verify Scroll Up using 'Arrow' button and Scroll Down functionality</span>
</div>
</td>
</tr>
<tr class="tag-test-status" status="pass">
<td><span class="badge log pass-bg">Pass</span></td>
<td>17:58:12 pm</td>
<td>
<a href="#" class="linked" test-id='1' id='275'>26) Verify Scroll Up without 'Arrow' button and Scroll Down functionality</a>
<div class="">
<span class="badge badge-default">User Functionality,.26) Verify Scroll Up without 'Arrow' button and Scroll Down functionality</span>
</div>
</td>
</tr>
<tr class="tag-test-status" status="pass">
<td><span class="badge log pass-bg">Pass</span></td>
<td>17:58:21 pm</td>
<td>
<a href="#" class="linked" test-id='284' id='285'>1) verify user can be register</a>
<div class="">
<span class="badge badge-default">Register user and Login functionality.1) verify user can be register</span>
</div>
</td>
</tr>
<tr class="tag-test-status" status="pass">
<td><span class="badge log pass-bg">Pass</span></td>
<td>17:58:43 pm</td>
<td>
<a href="#" class="linked" test-id='284' id='305'>2) Login user with correct email and password</a>
<div class="">
<span class="badge badge-default">Register user and Login functionality.2) Login user with correct email and password</span>
</div>
</td>
</tr>
<tr class="tag-test-status" status="pass">
<td><span class="badge log pass-bg">Pass</span></td>
<td>17:59:04 pm</td>
<td>
<a href="#" class="linked" test-id='284' id='318'>3) Login user with incorrect email and password</a>
<div class="">
<span class="badge badge-default">Register user and Login functionality.3) Login user with incorrect email and password</span>
</div>
</td>
</tr>
<tr class="tag-test-status" status="pass">
<td><span class="badge log pass-bg">Pass</span></td>
<td>17:59:15 pm</td>
<td>
<a href="#" class="linked" test-id='284' id='328'>3) Login user with incorrect email and password</a>
<div class="">
<span class="badge badge-default">Register user and Login functionality.3) Login user with incorrect email and password</span>
</div>
</td>
</tr>
<tr class="tag-test-status" status="pass">
<td><span class="badge log pass-bg">Pass</span></td>
<td>17:59:26 pm</td>
<td>
<a href="#" class="linked" test-id='284' id='338'>3) Login user with incorrect email and password</a>
<div class="">
<span class="badge badge-default">Register user and Login functionality.3) Login user with incorrect email and password</span>
</div>
</td>
</tr>
<tr class="tag-test-status" status="fail">
<td><span class="badge log fail-bg">Fail</span></td>
<td>17:59:36 pm</td>
<td>
<a href="#" class="linked" test-id='284' id='348'>4) Logout User</a>
<div class="">
<span class="badge badge-default">Register user and Login functionality.4) Logout User</span>
</div>
</td>
</tr>
<tr class="tag-test-status" status="fail">
<td><span class="badge log fail-bg">Fail</span></td>
<td>18:00:26 pm</td>
<td>
<a href="#" class="linked" test-id='284' id='360'>5) Register user with existing email</a>
<div class="">
<span class="badge badge-default">Register user and Login functionality.5) Register user with existing email</span>
</div>
</td>
</tr>
<tr class="tag-test-status" status="pass">
<td><span class="badge log pass-bg">Pass</span></td>
<td>18:01:05 pm</td>
<td>
<a href="#" class="linked" test-id='284' id='371'>6) Contact us Form</a>
<div class="">
<span class="badge badge-default">Register user and Login functionality.6) Contact us Form</span>
</div>
</td>
</tr>
<tr class="tag-test-status" status="pass">
<td><span class="badge log pass-bg">Pass</span></td>
<td>18:01:32 pm</td>
<td>
<a href="#" class="linked" test-id='284' id='385'>7) Verify test cases page</a>
<div class="">
<span class="badge badge-default">Register user and Login functionality.7) Verify test cases page</span>
</div>
</td>
</tr>
</tbody>
</table>
</div>
</li>
<li class="test-item">
<div class="test-detail">
<span class="meta">
<span class='badge log pass-bg'>15</span>
<span class='badge log badge-danger'>13</span>
</span>
<p class="name">@author_VP</p>
<p class="duration text-sm">28 tests</p>
</div>
<div class="test-contents d-none">
<div class="info">
<h4>@author_VP</h4>
<span status="pass" class='badge log pass-bg'>15 passed</span>
<span status="fail" class='badge log badge-danger'>13 failed</span>
</div>
<table class='table table-sm mt-4'>
<thead>
<tr>
<th class="status-col">Status</th>
<th class="timestamp-col">Timestamp</th>
<th>TestName</th>
</tr>
</thead>
<tbody>
<tr class="tag-test-status" status="fail">
<td><span class="badge log fail-bg">Fail</span></td>
<td>17:49:26 pm</td>
<td>
<a href="#" class="linked" test-id='1' id='2'>8) verify user can be register</a>
<div class="">
<span class="badge badge-default">User Functionality,.8) verify user can be register</span>
</div>
</td>
</tr>
<tr class="tag-test-status" status="pass">
<td><span class="badge log pass-bg">Pass</span></td>
<td>17:49:41 pm</td>
<td>
<a href="#" class="linked" test-id='1' id='13'>9) Search Product</a>
<div class="">
<span class="badge badge-default">User Functionality,.9) Search Product</span>
</div>
</td>
</tr>
<tr class="tag-test-status" status="pass">
<td><span class="badge log pass-bg">Pass</span></td>
<td>17:50:00 pm</td>
<td>
<a href="#" class="linked" test-id='1' id='24'>10) Verify Subscription in home page</a>
<div class="">
<span class="badge badge-default">User Functionality,.10) Verify Subscription in home page</span>
</div>
</td>
</tr>
<tr class="tag-test-status" status="pass">
<td><span class="badge log pass-bg">Pass</span></td>
<td>17:50:10 pm</td>
<td>
<a href="#" class="linked" test-id='1' id='34'>11) Verify Subscription in Cart page</a>
<div class="">
<span class="badge badge-default">User Functionality,.11) Verify Subscription in Cart page</span>
</div>
</td>
</tr>
<tr class="tag-test-status" status="fail">
<td><span class="badge log fail-bg">Fail</span></td>
<td>17:50:21 pm</td>
<td>
<a href="#" class="linked" test-id='1' id='43'>12) Add Products in Cart</a>
<div class="">
<span class="badge badge-default">User Functionality,.12) Add Products in Cart</span>
</div>
</td>
</tr>
<tr class="tag-test-status" status="fail">
<td><span class="badge log fail-bg">Fail</span></td>
<td>17:50:42 pm</td>
<td>
<a href="#" class="linked" test-id='1' id='55'>13) Verify Product quantity in Cart</a>
<div class="">
<span class="badge badge-default">User Functionality,.13) Verify Product quantity in Cart</span>
</div>
</td>
</tr>
<tr class="tag-test-status" status="pass">
<td><span class="badge log pass-bg">Pass</span></td>
<td>17:51:22 pm</td>
<td>
<a href="#" class="linked" test-id='1' id='66'>14) Place order: Register While Checkout</a>
<div class="">
<span class="badge badge-default">User Functionality,.14) Place order: Register While Checkout</span>
</div>
</td>
</tr>
<tr class="tag-test-status" status="pass">
<td><span class="badge log pass-bg">Pass</span></td>
<td>17:52:04 pm</td>
<td>
<a href="#" class="linked" test-id='1' id='96'>15) Place Order: Register before Checkout</a>
<div class="">
<span class="badge badge-default">User Functionality,.15) Place Order: Register before Checkout</span>
</div>
</td>
</tr>
<tr class="tag-test-status" status="fail">
<td><span class="badge log fail-bg">Fail</span></td>
<td>17:52:38 pm</td>
<td>
<a href="#" class="linked" test-id='1' id='121'>16) Place Order: Login before Checkout</a>
<div class="">
<span class="badge badge-default">User Functionality,.16) Place Order: Login before Checkout</span>
</div>
</td>
</tr>
<tr class="tag-test-status" status="fail">
<td><span class="badge log fail-bg">Fail</span></td>
<td>17:53:33 pm</td>
<td>
<a href="#" class="linked" test-id='1' id='141'>17) Remove Products From Cart</a>
<div class="">
<span class="badge badge-default">User Functionality,.17) Remove Products From Cart</span>
</div>
</td>
</tr>
<tr class="tag-test-status" status="pass">
<td><span class="badge log pass-bg">Pass</span></td>
<td>17:54:14 pm</td>
<td>
<a href="#" class="linked" test-id='1' id='151'>18) View Category Products</a>
<div class="">
<span class="badge badge-default">User Functionality,.18) View Category Products</span>
</div>
</td>
</tr>
<tr class="tag-test-status" status="fail">
<td><span class="badge log fail-bg">Fail</span></td>
<td>17:54:35 pm</td>
<td>
<a href="#" class="linked" test-id='1' id='163'>19) View & Cart Brand Products</a>
<div class="">
<span class="badge badge-default">User Functionality,.19) View & Cart Brand Products</span>
</div>
</td>
</tr>
<tr class="tag-test-status" status="fail">
<td><span class="badge log fail-bg">Fail</span></td>
<td>17:54:45 pm</td>
<td>
<a href="#" class="linked" test-id='1' id='174'>20) Search Products and Verify Cart After Login</a>
<div class="">
<span class="badge badge-default">User Functionality,.20) Search Products and Verify Cart After Login</span>
</div>
</td>
</tr>
<tr class="tag-test-status" status="fail">
<td><span class="badge log fail-bg">Fail</span></td>
<td>17:55:48 pm</td>
<td>
<a href="#" class="linked" test-id='1' id='193'>21) Add review on product</a>
<div class="">
<span class="badge badge-default">User Functionality,.21) Add review on product</span>
</div>
</td>
</tr>
<tr class="tag-test-status" status="fail">
<td><span class="badge log fail-bg">Fail</span></td>
<td>17:56:05 pm</td>
<td>
<a href="#" class="linked" test-id='1' id='205'>22) Add to cart from Recommended items</a>
<div class="">
<span class="badge badge-default">User Functionality,.22) Add to cart from Recommended items</span>
</div>
</td>
</tr>
<tr class="tag-test-status" status="fail">
<td><span class="badge log fail-bg">Fail</span></td>
<td>17:56:19 pm</td>
<td>
<a href="#" class="linked" test-id='1' id='215'>23) Verify address details in checkout page</a>
<div class="">
<span class="badge badge-default">User Functionality,.23) Verify address details in checkout page</span>
</div>
</td>
</tr>
<tr class="tag-test-status" status="fail">
<td><span class="badge log fail-bg">Fail</span></td>
<td>17:57:17 pm</td>
<td>
<a href="#" class="linked" test-id='1' id='236'>24) Download Invoice after purchase order</a>
<div class="">
<span class="badge badge-default">User Functionality,.24) Download Invoice after purchase order</span>
</div>
</td>
</tr>
<tr class="tag-test-status" status="pass">
<td><span class="badge log pass-bg">Pass</span></td>
<td>17:57:59 pm</td>
<td>
<a href="#" class="linked" test-id='1' id='266'>25) Verify Scroll Up using 'Arrow' button and Scroll Down functionality</a>
<div class="">
<span class="badge badge-default">User Functionality,.25) Verify Scroll Up using 'Arrow' button and Scroll Down functionality</span>
</div>
</td>
</tr>
<tr class="tag-test-status" status="pass">
<td><span class="badge log pass-bg">Pass</span></td>
<td>17:58:12 pm</td>
<td>
<a href="#" class="linked" test-id='1' id='275'>26) Verify Scroll Up without 'Arrow' button and Scroll Down functionality</a>
<div class="">
<span class="badge badge-default">User Functionality,.26) Verify Scroll Up without 'Arrow' button and Scroll Down functionality</span>
</div>
</td>
</tr>
<tr class="tag-test-status" status="pass">
<td><span class="badge log pass-bg">Pass</span></td>
<td>17:58:21 pm</td>
<td>
<a href="#" class="linked" test-id='284' id='285'>1) verify user can be register</a>
<div class="">
<span class="badge badge-default">Register user and Login functionality.1) verify user can be register</span>
</div>
</td>
</tr>
<tr class="tag-test-status" status="pass">
<td><span class="badge log pass-bg">Pass</span></td>
<td>17:58:43 pm</td>
<td>
<a href="#" class="linked" test-id='284' id='305'>2) Login user with correct email and password</a>
<div class="">
<span class="badge badge-default">Register user and Login functionality.2) Login user with correct email and password</span>
</div>
</td>
</tr>
<tr class="tag-test-status" status="pass">
<td><span class="badge log pass-bg">Pass</span></td>
<td>17:59:04 pm</td>
<td>
<a href="#" class="linked" test-id='284' id='318'>3) Login user with incorrect email and password</a>
<div class="">
<span class="badge badge-default">Register user and Login functionality.3) Login user with incorrect email and password</span>
</div>
</td>
</tr>
<tr class="tag-test-status" status="pass">
<td><span class="badge log pass-bg">Pass</span></td>
<td>17:59:15 pm</td>
<td>
<a href="#" class="linked" test-id='284' id='328'>3) Login user with incorrect email and password</a>
<div class="">
<span class="badge badge-default">Register user and Login functionality.3) Login user with incorrect email and password</span>
</div>
</td>
</tr>
<tr class="tag-test-status" status="pass">
<td><span class="badge log pass-bg">Pass</span></td>
<td>17:59:26 pm</td>
<td>
<a href="#" class="linked" test-id='284' id='338'>3) Login user with incorrect email and password</a>
<div class="">
<span class="badge badge-default">Register user and Login functionality.3) Login user with incorrect email and password</span>
</div>
</td>
</tr>
<tr class="tag-test-status" status="fail">
<td><span class="badge log fail-bg">Fail</span></td>
<td>17:59:36 pm</td>
<td>
<a href="#" class="linked" test-id='284' id='348'>4) Logout User</a>
<div class="">
<span class="badge badge-default">Register user and Login functionality.4) Logout User</span>
</div>
</td>
</tr>
<tr class="tag-test-status" status="fail">
<td><span class="badge log fail-bg">Fail</span></td>
<td>18:00:26 pm</td>
<td>
<a href="#" class="linked" test-id='284' id='360'>5) Register user with existing email</a>
<div class="">
<span class="badge badge-default">Register user and Login functionality.5) Register user with existing email</span>
</div>
</td>
</tr>
<tr class="tag-test-status" status="pass">
<td><span class="badge log pass-bg">Pass</span></td>
<td>18:01:05 pm</td>
<td>
<a href="#" class="linked" test-id='284' id='371'>6) Contact us Form</a>
<div class="">
<span class="badge badge-default">Register user and Login functionality.6) Contact us Form</span>
</div>
</td>
</tr>
<tr class="tag-test-status" status="pass">
<td><span class="badge log pass-bg">Pass</span></td>
<td>18:01:32 pm</td>
<td>
<a href="#" class="linked" test-id='284' id='385'>7) Verify test cases page</a>
<div class="">
<span class="badge badge-default">Register user and Login functionality.7) Verify test cases page</span>
</div>
</td>
</tr>
</tbody>
</table>
</div>
</li>
</ul>
</div>
</div>
<div class="test-content scrollable">
<div class="test-content-detail">
<div class="detail-body"></div>
</div>
</div>
</div><div class="test-wrapper row view exception-view attributes-view">
<div class="test-list">
<div class="test-list-tools">
<ul class="tools pull-left"><li><a href=""><span class="font-size-14">Exception</span></a></li></ul>
<ul class="tools text-right"><li><a href="#"><span class="badge badge-primary">5</span></a></li></ul>
</div>
<div class="test-list-wrapper scrollable">
<ul class="test-list-item">
<li class="test-item">
<div class="test-detail">
<span class="meta">
<span class='badge log badge-danger'>1</span>
</span>
<p class="name">org.openqa.selenium.TimeoutException</p>
<p class="duration text-sm">1 tests</p>
</div>
<div class="test-contents d-none">
<div class="info">
<h4>org.openqa.selenium.TimeoutException</h4>
<span status="fail" class='badge log badge-danger'>1 failed</span>
</div>
<table class='table table-sm mt-4'>
<thead>
<tr>
<th class="status-col">Status</th>
<th class="timestamp-col">Timestamp</th>
<th>TestName</th>
</tr>
</thead>
<tbody>
<tr class="tag-test-status" status="fail">
<td><span class="badge log fail-bg">Fail</span></td>
<td>17:50:31 pm</td>
<td>
<a href="#" class="linked" test-id='1' id='51'>And I Click View Cart button</a>
<div class="">
<span class="badge badge-default">User Functionality,.12) Add Products in Cart.And I Click View Cart button</span>
</div>
</td>
</tr>
</tbody>
</table>
</div>
</li>
<li class="test-item">
<div class="test-detail">
<span class="meta">
<span class='badge log badge-danger'>1</span>
</span>
<p class="name">io.cucumber.core.exception.CucumberException</p>
<p class="duration text-sm">1 tests</p>
</div>
<div class="test-contents d-none">
<div class="info">
<h4>io.cucumber.core.exception.CucumberException</h4>
<span status="fail" class='badge log badge-danger'>1 failed</span>
</div>
<table class='table table-sm mt-4'>
<thead>
<tr>
<th class="status-col">Status</th>
<th class="timestamp-col">Timestamp</th>
<th>TestName</th>
</tr>
</thead>
<tbody>
<tr class="tag-test-status" status="fail">
<td><span class="badge log fail-bg">Fail</span></td>
<td>17:56:18 pm</td>
<td>
<a href="#" class="linked" test-id='1' id='210'>And I Verify 'RECOMMENDED ITEMS' are visible</a>
<div class="">
<span class="badge badge-default">User Functionality,.22) Add to cart from Recommended items.And I Verify 'RECOMMENDED ITEMS' are visible</span>
</div>
</td>
</tr>
</tbody>
</table>
</div>
</li>
<li class="test-item">
<div class="test-detail">
<span class="meta">
<span class='badge log badge-danger'>3</span>
</span>
<p class="name">org.openqa.selenium.ElementClickInterceptedException</p>
<p class="duration text-sm">3 tests</p>
</div>
<div class="test-contents d-none">
<div class="info">
<h4>org.openqa.selenium.ElementClickInterceptedException</h4>
<span status="fail" class='badge log badge-danger'>3 failed</span>
</div>
<table class='table table-sm mt-4'>
<thead>
<tr>
<th class="status-col">Status</th>
<th class="timestamp-col">Timestamp</th>
<th>TestName</th>
</tr>
</thead>
<tbody>
<tr class="tag-test-status" status="fail">
<td><span class="badge log fail-bg">Fail</span></td>
<td>17:49:35 pm</td>
<td>
<a href="#" class="linked" test-id='1' id='9'>Then I Click on 'View Product' of first product</a>
<div class="">
<span class="badge badge-default">User Functionality,.8) verify user can be register.Then I Click on 'View Product' of first product</span>
</div>
</td>
</tr>
<tr class="tag-test-status" status="fail">
<td><span class="badge log fail-bg">Fail</span></td>
<td>17:54:41 pm</td>
<td>
<a href="#" class="linked" test-id='1' id='169'>And I click on "POLO" brand name button</a>
<div class="">
<span class="badge badge-default">User Functionality,.19) View & Cart Brand Products.And I click on "POLO" brand name button</span>
</div>
</td>
</tr>
<tr class="tag-test-status" status="fail">
<td><span class="badge log fail-bg">Fail</span></td>
<td>17:56:02 pm</td>
<td>
<a href="#" class="linked" test-id='1' id='199'>And I Click on 'View Product' of first product</a>
<div class="">
<span class="badge badge-default">User Functionality,.21) Add review on product.And I Click on 'View Product' of first product</span>
</div>
</td>
</tr>
</tbody>
</table>
</div>
</li>
<li class="test-item">
<div class="test-detail">
<span class="meta">
<span class='badge log badge-danger'>1</span>
</span>
<p class="name">org.openqa.selenium.ElementNotInteractableException</p>
<p class="duration text-sm">1 tests</p>
</div>
<div class="test-contents d-none">
<div class="info">
<h4>org.openqa.selenium.ElementNotInteractableException</h4>
<span status="fail" class='badge log badge-danger'>1 failed</span>
</div>
<table class='table table-sm mt-4'>
<thead>
<tr>
<th class="status-col">Status</th>
<th class="timestamp-col">Timestamp</th>
<th>TestName</th>
</tr>
</thead>
<tbody>
<tr class="tag-test-status" status="fail">
<td><span class="badge log fail-bg">Fail</span></td>
<td>17:55:03 pm</td>
<td>
<a href="#" class="linked" test-id='1' id='184'>And Enter product names in search input and click search and add product to cart</a>
<div class="">
<span class="badge badge-default">User Functionality,.20) Search Products and Verify Cart After Login.And Enter product names in search input and click search and add product to cart</span>
</div>
</td>
</tr>
</tbody>
</table>
</div>
</li>
<li class="test-item">
<div class="test-detail">
<span class="meta">
<span class='badge log badge-danger'>7</span>
</span>
<p class="name">org.openqa.selenium.NoSuchElementException</p>
<p class="duration text-sm">7 tests</p>
</div>
<div class="test-contents d-none">
<div class="info">
<h4>org.openqa.selenium.NoSuchElementException</h4>
<span status="fail" class='badge log badge-danger'>7 failed</span>
</div>
<table class='table table-sm mt-4'>
<thead>
<tr>
<th class="status-col">Status</th>
<th class="timestamp-col">Timestamp</th>
<th>TestName</th>
</tr>
</thead>
<tbody>
<tr class="tag-test-status" status="fail">
<td><span class="badge log fail-bg">Fail</span></td>
<td>17:50:58 pm</td>
<td>
<a href="#" class="linked" test-id='1' id='62'>And I Click 'Add to cart' button</a>
<div class="">
<span class="badge badge-default">User Functionality,.13) Verify Product quantity in Cart.And I Click 'Add to cart' button</span>
</div>
</td>
</tr>
<tr class="tag-test-status" status="fail">
<td><span class="badge log fail-bg">Fail</span></td>
<td>17:52:51 pm</td>
<td>
<a href="#" class="linked" test-id='1' id='128'>And I Verify that Logged in as username is visible</a>
<div class="">
<span class="badge badge-default">User Functionality,.16) Place Order: Login before Checkout.And I Verify that Logged in as username is visible</span>
</div>
</td>
</tr>
<tr class="tag-test-status" status="fail">
<td><span class="badge log fail-bg">Fail</span></td>
<td>17:53:53 pm</td>
<td>
<a href="#" class="linked" test-id='1' id='148'>Then I Click 'X' button corresponding to particular product</a>
<div class="">
<span class="badge badge-default">User Functionality,.17) Remove Products From Cart.Then I Click 'X' button corresponding to particular product</span>
</div>
</td>
</tr>
<tr class="tag-test-status" status="fail">
<td><span class="badge log fail-bg">Fail</span></td>
<td>17:56:36 pm</td>
<td>
<a href="#" class="linked" test-id='1' id='223'>And I Fill details: Title "Mr", Name , Email, Password "Password123", Date of birth Day "1" Month "January" Year "1987"</a>
<div class="">
<span class="badge badge-default">User Functionality,.23) Verify address details in checkout page.And I Fill details: Title "Mr", Name , Email, Password "Password123", Date of birth Day "1" Month "January" Year "1987"</span>
</div>
</td>
</tr>
<tr class="tag-test-status" status="fail">
<td><span class="badge log fail-bg">Fail</span></td>
<td>17:57:38 pm</td>
<td>
<a href="#" class="linked" test-id='1' id='243'>And I Click Proceed To Checkout</a>
<div class="">
<span class="badge badge-default">User Functionality,.24) Download Invoice after purchase order.And I Click Proceed To Checkout</span>
</div>
</td>
</tr>
<tr class="tag-test-status" status="fail">
<td><span class="badge log fail-bg">Fail</span></td>
<td>17:59:45 pm</td>
<td>
<a href="#" class="linked" test-id='284' id='356'>And I Verify that Logged in as username is visible</a>
<div class="">
<span class="badge badge-default">Register user and Login functionality.4) Logout User.And I Verify that Logged in as username is visible</span>
</div>
</td>
</tr>
<tr class="tag-test-status" status="fail">
<td><span class="badge log fail-bg">Fail</span></td>
<td>18:00:44 pm</td>
<td>
<a href="#" class="linked" test-id='284' id='368'>Then I should see error message Email address already exist!</a>
<div class="">
<span class="badge badge-default">Register user and Login functionality.5) Register user with existing email.Then I should see error message Email address already exist!</span>
</div>
</td>
</tr>
</tbody>
</table>
</div>
</li>
</ul>
</div>
</div>
<div class="test-content scrollable">
<div class="test-content-detail">
<div class="detail-body"></div>
</div>
</div>
</div>        </div>
      </div>
    </div>
  </div>
<script src="https://cdn.jsdelivr.net/gh/extent-framework/extent-github-cdn@d6562a79075e061305ccfdb82f01e5e195e2d307/spark/js/spark-script.js"></script>
<script type="text/javascript"></script></body>
</html>